<?xml version="1.0" encoding="UTF-8"?>
<testng-results ignored="39" total="184" passed="109" failed="18" skipped="18">
  <reporter-output>
    <line>
      <![CDATA[TELUSTV-21T - 192.168.2.13:5555 TEST [C:/Users/x245071/Documents/GitHub/TELUS-TSQA-TS-3SS-Client/testng.xml - TSQA_12062] FAILED at [07:57:34 2023-02-11] - Restart Icon is not present in Mini EPG Guide expected [true] but found [false]

org.testng.Assert.fail(Assert.java:99)
org.testng.Assert.failNotEquals(Assert.java:1037)
org.testng.Assert.assertTrue(Assert.java:45)
testsuite.RegressionTests.TSQA_12062(RegressionTests.java:4202)
testrunner.RegressionTestRunner.TSQA_12062(RegressionTestRunner.java:1970)
java.base/jdk.internal.reflect.NativeMethodAccessorImpl.invoke0(Native Method)
java.base/jdk.internal.reflect.NativeMethodAccessorImpl.invoke(NativeMethodAccessorImpl.java:77)
java.base/jdk.internal.reflect.DelegatingMethodAccessorImpl.invoke(DelegatingMethodAccessorImpl.java:43)
java.base/java.lang.reflect.Method.invoke(Method.java:568)
org.testng.internal.MethodInvocationHelper.invokeMethod(MethodInvocationHelper.java:132)
org.testng.internal.InvokeMethodRunnable.runOne(InvokeMethodRunnable.java:45)
org.testng.internal.InvokeMethodRunnable.call(InvokeMethodRunnable.java:73)
org.testng.internal.InvokeMethodRunnable.call(InvokeMethodRunnable.java:11)
java.base/java.util.concurrent.FutureTask.run(FutureTask.java:264)
java.base/java.util.concurrent.ThreadPoolExecutor.runWorker(ThreadPoolExecutor.java:1136)
java.base/java.util.concurrent.ThreadPoolExecutor$Worker.run(ThreadPoolExecutor.java:635)
java.base/java.lang.Thread.run(Thread.java:833)]]>
    </line>
    <line>
      <![CDATA[TELUSTV-21T - 192.168.2.13:5555 TEST [C:/Users/x245071/Documents/GitHub/TELUS-TSQA-TS-3SS-Client/testng.xml - TSQA_12200] FAILED at [08:00:25 2023-02-11] - Sports ZOne page not displayed  Youtube expected [true] but found [false]

org.testng.Assert.fail(Assert.java:99)
org.testng.Assert.failNotEquals(Assert.java:1037)
org.testng.Assert.assertTrue(Assert.java:45)
testsuite.RegressionTests.TSQA_12200(RegressionTests.java:4057)
testrunner.RegressionTestRunner.TSQA_12200(RegressionTestRunner.java:1893)
java.base/jdk.internal.reflect.NativeMethodAccessorImpl.invoke0(Native Method)
java.base/jdk.internal.reflect.NativeMethodAccessorImpl.invoke(NativeMethodAccessorImpl.java:77)
java.base/jdk.internal.reflect.DelegatingMethodAccessorImpl.invoke(DelegatingMethodAccessorImpl.java:43)
java.base/java.lang.reflect.Method.invoke(Method.java:568)
org.testng.internal.MethodInvocationHelper.invokeMethod(MethodInvocationHelper.java:132)
org.testng.internal.InvokeMethodRunnable.runOne(InvokeMethodRunnable.java:45)
org.testng.internal.InvokeMethodRunnable.call(InvokeMethodRunnable.java:73)
org.testng.internal.InvokeMethodRunnable.call(InvokeMethodRunnable.java:11)
java.base/java.util.concurrent.FutureTask.run(FutureTask.java:264)
java.base/java.util.concurrent.ThreadPoolExecutor.runWorker(ThreadPoolExecutor.java:1136)
java.base/java.util.concurrent.ThreadPoolExecutor$Worker.run(ThreadPoolExecutor.java:635)
java.base/java.lang.Thread.run(Thread.java:833)]]>
    </line>
    <line>
      <![CDATA[TELUSTV-21T - 192.168.2.13:5555 TEST [C:/Users/x245071/Documents/GitHub/TELUS-TSQA-TS-3SS-Client/testng.xml - TSQA_16146] FAILED at [08:14:00 2023-02-11] -  ### NO PROFILE SELECTED  #### 

org.testng.Assert.fail(Assert.java:99)
testsuite.RegressionTests.TSQA_16146(RegressionTests.java:3876)
testrunner.RegressionTestRunner.TSQA_16146(RegressionTestRunner.java:1762)
java.base/jdk.internal.reflect.NativeMethodAccessorImpl.invoke0(Native Method)
java.base/jdk.internal.reflect.NativeMethodAccessorImpl.invoke(NativeMethodAccessorImpl.java:77)
java.base/jdk.internal.reflect.DelegatingMethodAccessorImpl.invoke(DelegatingMethodAccessorImpl.java:43)
java.base/java.lang.reflect.Method.invoke(Method.java:568)
org.testng.internal.MethodInvocationHelper.invokeMethod(MethodInvocationHelper.java:132)
org.testng.internal.InvokeMethodRunnable.runOne(InvokeMethodRunnable.java:45)
org.testng.internal.InvokeMethodRunnable.call(InvokeMethodRunnable.java:73)
org.testng.internal.InvokeMethodRunnable.call(InvokeMethodRunnable.java:11)
java.base/java.util.concurrent.FutureTask.run(FutureTask.java:264)
java.base/java.util.concurrent.ThreadPoolExecutor.runWorker(ThreadPoolExecutor.java:1136)
java.base/java.util.concurrent.ThreadPoolExecutor$Worker.run(ThreadPoolExecutor.java:635)
java.base/java.lang.Thread.run(Thread.java:833)]]>
    </line>
    <line>
      <![CDATA[TELUSTV-21T - 192.168.2.13:5555 TEST [C:/Users/x245071/Documents/GitHub/TELUS-TSQA-TS-3SS-Client/testng.xml - TSQA_16799] FAILED at [08:50:41 2023-02-11] - Sports ZOne page not displayed   expected [true] but found [false]

org.testng.Assert.fail(Assert.java:99)
org.testng.Assert.failNotEquals(Assert.java:1037)
org.testng.Assert.assertTrue(Assert.java:45)
testsuite.RegressionTests.TSQA_16799(RegressionTests.java:3965)
testrunner.RegressionTestRunner.TSQA_16799(RegressionTestRunner.java:1816)
java.base/jdk.internal.reflect.NativeMethodAccessorImpl.invoke0(Native Method)
java.base/jdk.internal.reflect.NativeMethodAccessorImpl.invoke(NativeMethodAccessorImpl.java:77)
java.base/jdk.internal.reflect.DelegatingMethodAccessorImpl.invoke(DelegatingMethodAccessorImpl.java:43)
java.base/java.lang.reflect.Method.invoke(Method.java:568)
org.testng.internal.MethodInvocationHelper.invokeMethod(MethodInvocationHelper.java:132)
org.testng.internal.InvokeMethodRunnable.runOne(InvokeMethodRunnable.java:45)
org.testng.internal.InvokeMethodRunnable.call(InvokeMethodRunnable.java:73)
org.testng.internal.InvokeMethodRunnable.call(InvokeMethodRunnable.java:11)
java.base/java.util.concurrent.FutureTask.run(FutureTask.java:264)
java.base/java.util.concurrent.ThreadPoolExecutor.runWorker(ThreadPoolExecutor.java:1136)
java.base/java.util.concurrent.ThreadPoolExecutor$Worker.run(ThreadPoolExecutor.java:635)
java.base/java.lang.Thread.run(Thread.java:833)]]>
    </line>
    <line>
      <![CDATA[TELUSTV-21T - 192.168.2.13:5555 TEST [C:/Users/x245071/Documents/GitHub/TELUS-TSQA-TS-3SS-Client/testng.xml - TSQA_16808] FAILED at [08:53:28 2023-02-11] - Sports ZOne page not displayed   expected [true] but found [false]

org.testng.Assert.fail(Assert.java:99)
org.testng.Assert.failNotEquals(Assert.java:1037)
org.testng.Assert.assertTrue(Assert.java:45)
testsuite.RegressionTests.TSQA_16808(RegressionTests.java:3978)
testrunner.RegressionTestRunner.TSQA_16808(RegressionTestRunner.java:1827)
java.base/jdk.internal.reflect.NativeMethodAccessorImpl.invoke0(Native Method)
java.base/jdk.internal.reflect.NativeMethodAccessorImpl.invoke(NativeMethodAccessorImpl.java:77)
java.base/jdk.internal.reflect.DelegatingMethodAccessorImpl.invoke(DelegatingMethodAccessorImpl.java:43)
java.base/java.lang.reflect.Method.invoke(Method.java:568)
org.testng.internal.MethodInvocationHelper.invokeMethod(MethodInvocationHelper.java:132)
org.testng.internal.InvokeMethodRunnable.runOne(InvokeMethodRunnable.java:45)
org.testng.internal.InvokeMethodRunnable.call(InvokeMethodRunnable.java:73)
org.testng.internal.InvokeMethodRunnable.call(InvokeMethodRunnable.java:11)
java.base/java.util.concurrent.FutureTask.run(FutureTask.java:264)
java.base/java.util.concurrent.ThreadPoolExecutor.runWorker(ThreadPoolExecutor.java:1136)
java.base/java.util.concurrent.ThreadPoolExecutor$Worker.run(ThreadPoolExecutor.java:635)
java.base/java.lang.Thread.run(Thread.java:833)]]>
    </line>
    <line>
      <![CDATA[TELUSTV-21T - 192.168.2.13:5555 TEST [C:/Users/x245071/Documents/GitHub/TELUS-TSQA-TS-3SS-Client/testng.xml - TSQA_2953] FAILED at [10:14:47 2023-02-11] - Assert title not present expected [true] but found [false]

org.testng.Assert.fail(Assert.java:99)
org.testng.Assert.failNotEquals(Assert.java:1037)
org.testng.Assert.assertTrue(Assert.java:45)
testsuite.RegressionTests.TSQA_2953(RegressionTests.java:353)
testrunner.RegressionTestRunner.TSQA_2953(RegressionTestRunner.java:233)
java.base/jdk.internal.reflect.NativeMethodAccessorImpl.invoke0(Native Method)
java.base/jdk.internal.reflect.NativeMethodAccessorImpl.invoke(NativeMethodAccessorImpl.java:77)
java.base/jdk.internal.reflect.DelegatingMethodAccessorImpl.invoke(DelegatingMethodAccessorImpl.java:43)
java.base/java.lang.reflect.Method.invoke(Method.java:568)
org.testng.internal.MethodInvocationHelper.invokeMethod(MethodInvocationHelper.java:132)
org.testng.internal.InvokeMethodRunnable.runOne(InvokeMethodRunnable.java:45)
org.testng.internal.InvokeMethodRunnable.call(InvokeMethodRunnable.java:73)
org.testng.internal.InvokeMethodRunnable.call(InvokeMethodRunnable.java:11)
java.base/java.util.concurrent.FutureTask.run(FutureTask.java:264)
java.base/java.util.concurrent.ThreadPoolExecutor.runWorker(ThreadPoolExecutor.java:1136)
java.base/java.util.concurrent.ThreadPoolExecutor$Worker.run(ThreadPoolExecutor.java:635)
java.base/java.lang.Thread.run(Thread.java:833)]]>
    </line>
    <line>
      <![CDATA[TELUSTV-21T - 192.168.2.13:5555 TEST [C:/Users/x245071/Documents/GitHub/TELUS-TSQA-TS-3SS-Client/testng.xml - TSQA_2954] FAILED at [10:17:28 2023-02-11] - expected [true] but found [false]

org.testng.Assert.fail(Assert.java:99)
org.testng.Assert.failNotEquals(Assert.java:1037)
org.testng.Assert.assertTrue(Assert.java:45)
org.testng.Assert.assertTrue(Assert.java:55)
testsuite.RegressionTests.TSQA_2954(RegressionTests.java:2488)
testrunner.RegressionTestRunner.TSQA_2954(RegressionTestRunner.java:1113)
java.base/jdk.internal.reflect.NativeMethodAccessorImpl.invoke0(Native Method)
java.base/jdk.internal.reflect.NativeMethodAccessorImpl.invoke(NativeMethodAccessorImpl.java:77)
java.base/jdk.internal.reflect.DelegatingMethodAccessorImpl.invoke(DelegatingMethodAccessorImpl.java:43)
java.base/java.lang.reflect.Method.invoke(Method.java:568)
org.testng.internal.MethodInvocationHelper.invokeMethod(MethodInvocationHelper.java:132)
org.testng.internal.InvokeMethodRunnable.runOne(InvokeMethodRunnable.java:45)
org.testng.internal.InvokeMethodRunnable.call(InvokeMethodRunnable.java:73)
org.testng.internal.InvokeMethodRunnable.call(InvokeMethodRunnable.java:11)
java.base/java.util.concurrent.FutureTask.run(FutureTask.java:264)
java.base/java.util.concurrent.ThreadPoolExecutor.runWorker(ThreadPoolExecutor.java:1136)
java.base/java.util.concurrent.ThreadPoolExecutor$Worker.run(ThreadPoolExecutor.java:635)
java.base/java.lang.Thread.run(Thread.java:833)]]>
    </line>
    <line>
      <![CDATA[TELUSTV-21T - 192.168.2.13:5555 TEST [C:/Users/x245071/Documents/GitHub/TELUS-TSQA-TS-3SS-Client/testng.xml - TSQA_2970] FAILED at [10:38:15 2023-02-11] - CTA Button On Demand, Rent,Resume not found expected [true] but found [false]

org.testng.Assert.fail(Assert.java:99)
org.testng.Assert.failNotEquals(Assert.java:1037)
org.testng.Assert.assertTrue(Assert.java:45)
testsuite.RegressionTests.TSQA_2970(RegressionTests.java:515)
testrunner.RegressionTestRunner.TSQA_2970(RegressionTestRunner.java:333)
java.base/jdk.internal.reflect.NativeMethodAccessorImpl.invoke0(Native Method)
java.base/jdk.internal.reflect.NativeMethodAccessorImpl.invoke(NativeMethodAccessorImpl.java:77)
java.base/jdk.internal.reflect.DelegatingMethodAccessorImpl.invoke(DelegatingMethodAccessorImpl.java:43)
java.base/java.lang.reflect.Method.invoke(Method.java:568)
org.testng.internal.MethodInvocationHelper.invokeMethod(MethodInvocationHelper.java:132)
org.testng.internal.InvokeMethodRunnable.runOne(InvokeMethodRunnable.java:45)
org.testng.internal.InvokeMethodRunnable.call(InvokeMethodRunnable.java:73)
org.testng.internal.InvokeMethodRunnable.call(InvokeMethodRunnable.java:11)
java.base/java.util.concurrent.FutureTask.run(FutureTask.java:264)
java.base/java.util.concurrent.ThreadPoolExecutor.runWorker(ThreadPoolExecutor.java:1136)
java.base/java.util.concurrent.ThreadPoolExecutor$Worker.run(ThreadPoolExecutor.java:635)
java.base/java.lang.Thread.run(Thread.java:833)]]>
    </line>
    <line>
      <![CDATA[TELUSTV-21T - 192.168.2.13:5555 TEST [C:/Users/x245071/Documents/GitHub/TELUS-TSQA-TS-3SS-Client/testng.xml - TSQA_4423] FAILED at [11:34:41 2023-02-11] - Assert title not present expected [true] but found [false]

org.testng.Assert.fail(Assert.java:99)
org.testng.Assert.failNotEquals(Assert.java:1037)
org.testng.Assert.assertTrue(Assert.java:45)
testsuite.RegressionTests.TSQA_4423(RegressionTests.java:3889)
testrunner.RegressionTestRunner.TSQA_4423(RegressionTestRunner.java:1772)
java.base/jdk.internal.reflect.NativeMethodAccessorImpl.invoke0(Native Method)
java.base/jdk.internal.reflect.NativeMethodAccessorImpl.invoke(NativeMethodAccessorImpl.java:77)
java.base/jdk.internal.reflect.DelegatingMethodAccessorImpl.invoke(DelegatingMethodAccessorImpl.java:43)
java.base/java.lang.reflect.Method.invoke(Method.java:568)
org.testng.internal.MethodInvocationHelper.invokeMethod(MethodInvocationHelper.java:132)
org.testng.internal.InvokeMethodRunnable.runOne(InvokeMethodRunnable.java:45)
org.testng.internal.InvokeMethodRunnable.call(InvokeMethodRunnable.java:73)
org.testng.internal.InvokeMethodRunnable.call(InvokeMethodRunnable.java:11)
java.base/java.util.concurrent.FutureTask.run(FutureTask.java:264)
java.base/java.util.concurrent.ThreadPoolExecutor.runWorker(ThreadPoolExecutor.java:1136)
java.base/java.util.concurrent.ThreadPoolExecutor$Worker.run(ThreadPoolExecutor.java:635)
java.base/java.lang.Thread.run(Thread.java:833)]]>
    </line>
    <line>
      <![CDATA[TELUSTV-21T - 192.168.2.13:5555 TEST [C:/Users/x245071/Documents/GitHub/TELUS-TSQA-TS-3SS-Client/testng.xml - TSQA_6439] FAILED at [12:10:35 2023-02-11] - End time not displayed, no Video expected [true] but found [false]

org.testng.Assert.fail(Assert.java:99)
org.testng.Assert.failNotEquals(Assert.java:1037)
org.testng.Assert.assertTrue(Assert.java:45)
com.ts.gui.pages.AssetDetailsPage.verifyVideo(AssetDetailsPage.java:1062)
testsuite.RegressionTests.TSQA_6439(RegressionTests.java:1155)
testrunner.RegressionTestRunner.TSQA_6439(RegressionTestRunner.java:625)
java.base/jdk.internal.reflect.NativeMethodAccessorImpl.invoke0(Native Method)
java.base/jdk.internal.reflect.NativeMethodAccessorImpl.invoke(NativeMethodAccessorImpl.java:77)
java.base/jdk.internal.reflect.DelegatingMethodAccessorImpl.invoke(DelegatingMethodAccessorImpl.java:43)
java.base/java.lang.reflect.Method.invoke(Method.java:568)
org.testng.internal.MethodInvocationHelper.invokeMethod(MethodInvocationHelper.java:132)
org.testng.internal.InvokeMethodRunnable.runOne(InvokeMethodRunnable.java:45)
org.testng.internal.InvokeMethodRunnable.call(InvokeMethodRunnable.java:73)
org.testng.internal.InvokeMethodRunnable.call(InvokeMethodRunnable.java:11)
java.base/java.util.concurrent.FutureTask.run(FutureTask.java:264)
java.base/java.util.concurrent.ThreadPoolExecutor.runWorker(ThreadPoolExecutor.java:1136)
java.base/java.util.concurrent.ThreadPoolExecutor$Worker.run(ThreadPoolExecutor.java:635)
java.base/java.lang.Thread.run(Thread.java:833)]]>
    </line>
    <line>
      <![CDATA[TELUSTV-21T - 192.168.2.13:5555 TEST [C:/Users/x245071/Documents/GitHub/TELUS-TSQA-TS-3SS-Client/testng.xml - TSQA_6441] FAILED at [12:16:10 2023-02-11] - End time not displayed, no Video expected [true] but found [false]

org.testng.Assert.fail(Assert.java:99)
org.testng.Assert.failNotEquals(Assert.java:1037)
org.testng.Assert.assertTrue(Assert.java:45)
com.ts.gui.pages.AssetDetailsPage.verifyVideo(AssetDetailsPage.java:1062)
testsuite.RegressionTests.TSQA_6441(RegressionTests.java:1165)
testrunner.RegressionTestRunner.TSQA_6441(RegressionTestRunner.java:635)
java.base/jdk.internal.reflect.NativeMethodAccessorImpl.invoke0(Native Method)
java.base/jdk.internal.reflect.NativeMethodAccessorImpl.invoke(NativeMethodAccessorImpl.java:77)
java.base/jdk.internal.reflect.DelegatingMethodAccessorImpl.invoke(DelegatingMethodAccessorImpl.java:43)
java.base/java.lang.reflect.Method.invoke(Method.java:568)
org.testng.internal.MethodInvocationHelper.invokeMethod(MethodInvocationHelper.java:132)
org.testng.internal.InvokeMethodRunnable.runOne(InvokeMethodRunnable.java:45)
org.testng.internal.InvokeMethodRunnable.call(InvokeMethodRunnable.java:73)
org.testng.internal.InvokeMethodRunnable.call(InvokeMethodRunnable.java:11)
java.base/java.util.concurrent.FutureTask.run(FutureTask.java:264)
java.base/java.util.concurrent.ThreadPoolExecutor.runWorker(ThreadPoolExecutor.java:1136)
java.base/java.util.concurrent.ThreadPoolExecutor$Worker.run(ThreadPoolExecutor.java:635)
java.base/java.lang.Thread.run(Thread.java:833)]]>
    </line>
    <line>
      <![CDATA[TELUSTV-21T - 192.168.2.13:5555 TEST [C:/Users/x245071/Documents/GitHub/TELUS-TSQA-TS-3SS-Client/testng.xml - TSQA_6444] FAILED at [12:21:38 2023-02-11] - End time not displayed, no Video expected [true] but found [false]

org.testng.Assert.fail(Assert.java:99)
org.testng.Assert.failNotEquals(Assert.java:1037)
org.testng.Assert.assertTrue(Assert.java:45)
com.ts.gui.pages.AssetDetailsPage.verifyVideo(AssetDetailsPage.java:1062)
testsuite.RegressionTests.TSQA_6444(RegressionTests.java:1173)
testrunner.RegressionTestRunner.TSQA_6444(RegressionTestRunner.java:645)
java.base/jdk.internal.reflect.NativeMethodAccessorImpl.invoke0(Native Method)
java.base/jdk.internal.reflect.NativeMethodAccessorImpl.invoke(NativeMethodAccessorImpl.java:77)
java.base/jdk.internal.reflect.DelegatingMethodAccessorImpl.invoke(DelegatingMethodAccessorImpl.java:43)
java.base/java.lang.reflect.Method.invoke(Method.java:568)
org.testng.internal.MethodInvocationHelper.invokeMethod(MethodInvocationHelper.java:132)
org.testng.internal.InvokeMethodRunnable.runOne(InvokeMethodRunnable.java:45)
org.testng.internal.InvokeMethodRunnable.call(InvokeMethodRunnable.java:73)
org.testng.internal.InvokeMethodRunnable.call(InvokeMethodRunnable.java:11)
java.base/java.util.concurrent.FutureTask.run(FutureTask.java:264)
java.base/java.util.concurrent.ThreadPoolExecutor.runWorker(ThreadPoolExecutor.java:1136)
java.base/java.util.concurrent.ThreadPoolExecutor$Worker.run(ThreadPoolExecutor.java:635)
java.base/java.lang.Thread.run(Thread.java:833)]]>
    </line>
    <line>
      <![CDATA[TELUSTV-21T - 192.168.2.13:5555 TEST [C:/Users/x245071/Documents/GitHub/TELUS-TSQA-TS-3SS-Client/testng.xml - TSQA_6452] FAILED at [12:26:11 2023-02-11] - Channel Title is not present expected [true] but found [false]

org.testng.Assert.fail(Assert.java:99)
org.testng.Assert.failNotEquals(Assert.java:1037)
org.testng.Assert.assertTrue(Assert.java:45)
testsuite.RegressionTests.TSQA_6452(RegressionTests.java:1084)
testrunner.RegressionTestRunner.TSQA_6452(RegressionTestRunner.java:583)
java.base/jdk.internal.reflect.NativeMethodAccessorImpl.invoke0(Native Method)
java.base/jdk.internal.reflect.NativeMethodAccessorImpl.invoke(NativeMethodAccessorImpl.java:77)
java.base/jdk.internal.reflect.DelegatingMethodAccessorImpl.invoke(DelegatingMethodAccessorImpl.java:43)
java.base/java.lang.reflect.Method.invoke(Method.java:568)
org.testng.internal.MethodInvocationHelper.invokeMethod(MethodInvocationHelper.java:132)
org.testng.internal.InvokeMethodRunnable.runOne(InvokeMethodRunnable.java:45)
org.testng.internal.InvokeMethodRunnable.call(InvokeMethodRunnable.java:73)
org.testng.internal.InvokeMethodRunnable.call(InvokeMethodRunnable.java:11)
java.base/java.util.concurrent.FutureTask.run(FutureTask.java:264)
java.base/java.util.concurrent.ThreadPoolExecutor.runWorker(ThreadPoolExecutor.java:1136)
java.base/java.util.concurrent.ThreadPoolExecutor$Worker.run(ThreadPoolExecutor.java:635)
java.base/java.lang.Thread.run(Thread.java:833)]]>
    </line>
    <line>
      <![CDATA[TELUSTV-21T - 192.168.2.13:5555 TEST [C:/Users/x245071/Documents/GitHub/TELUS-TSQA-TS-3SS-Client/testng.xml - TSQA_6617] FAILED at [12:49:31 2023-02-11] - Asset Title is present expected [true] but found [false]

org.testng.Assert.fail(Assert.java:99)
org.testng.Assert.failNotEquals(Assert.java:1037)
org.testng.Assert.assertTrue(Assert.java:45)
testsuite.RegressionTests.TSQA_6617(RegressionTests.java:1286)
testrunner.RegressionTestRunner.TSQA_6617(RegressionTestRunner.java:677)
java.base/jdk.internal.reflect.NativeMethodAccessorImpl.invoke0(Native Method)
java.base/jdk.internal.reflect.NativeMethodAccessorImpl.invoke(NativeMethodAccessorImpl.java:77)
java.base/jdk.internal.reflect.DelegatingMethodAccessorImpl.invoke(DelegatingMethodAccessorImpl.java:43)
java.base/java.lang.reflect.Method.invoke(Method.java:568)
org.testng.internal.MethodInvocationHelper.invokeMethod(MethodInvocationHelper.java:132)
org.testng.internal.InvokeMethodRunnable.runOne(InvokeMethodRunnable.java:45)
org.testng.internal.InvokeMethodRunnable.call(InvokeMethodRunnable.java:73)
org.testng.internal.InvokeMethodRunnable.call(InvokeMethodRunnable.java:11)
java.base/java.util.concurrent.FutureTask.run(FutureTask.java:264)
java.base/java.util.concurrent.ThreadPoolExecutor.runWorker(ThreadPoolExecutor.java:1136)
java.base/java.util.concurrent.ThreadPoolExecutor$Worker.run(ThreadPoolExecutor.java:635)
java.base/java.lang.Thread.run(Thread.java:833)]]>
    </line>
    <line>
      <![CDATA[TELUSTV-21T - 192.168.2.13:5555 TEST [C:/Users/x245071/Documents/GitHub/TELUS-TSQA-TS-3SS-Client/testng.xml - TSQA_6618] FAILED at [12:52:38 2023-02-11] - Asset Title is present expected [true] but found [false]

org.testng.Assert.fail(Assert.java:99)
org.testng.Assert.failNotEquals(Assert.java:1037)
org.testng.Assert.assertTrue(Assert.java:45)
testsuite.RegressionTests.TSQA_6618(RegressionTests.java:1359)
testrunner.RegressionTestRunner.TSQA_6618(RegressionTestRunner.java:688)
java.base/jdk.internal.reflect.NativeMethodAccessorImpl.invoke0(Native Method)
java.base/jdk.internal.reflect.NativeMethodAccessorImpl.invoke(NativeMethodAccessorImpl.java:77)
java.base/jdk.internal.reflect.DelegatingMethodAccessorImpl.invoke(DelegatingMethodAccessorImpl.java:43)
java.base/java.lang.reflect.Method.invoke(Method.java:568)
org.testng.internal.MethodInvocationHelper.invokeMethod(MethodInvocationHelper.java:132)
org.testng.internal.InvokeMethodRunnable.runOne(InvokeMethodRunnable.java:45)
org.testng.internal.InvokeMethodRunnable.call(InvokeMethodRunnable.java:73)
org.testng.internal.InvokeMethodRunnable.call(InvokeMethodRunnable.java:11)
java.base/java.util.concurrent.FutureTask.run(FutureTask.java:264)
java.base/java.util.concurrent.ThreadPoolExecutor.runWorker(ThreadPoolExecutor.java:1136)
java.base/java.util.concurrent.ThreadPoolExecutor$Worker.run(ThreadPoolExecutor.java:635)
java.base/java.lang.Thread.run(Thread.java:833)]]>
    </line>
    <line>
      <![CDATA[TELUSTV-21T - 192.168.2.13:5555 TEST [C:/Users/x245071/Documents/GitHub/TELUS-TSQA-TS-3SS-Client/testng.xml - TSQA_6821] FAILED at [13:16:30 2023-02-11] - End time not displayed, no Video

org.testng.Assert.fail(Assert.java:99)
com.ts.gui.pages.AssetDetailsPage.verifyVideoLongWait(AssetDetailsPage.java:1261)
testsuite.RegressionTests.selectSpecifivTVShow(RegressionTests.java:1866)
testsuite.RegressionTests.TSQA_6821(RegressionTests.java:1926)
testrunner.RegressionTestRunner.TSQA_6821(RegressionTestRunner.java:538)
java.base/jdk.internal.reflect.NativeMethodAccessorImpl.invoke0(Native Method)
java.base/jdk.internal.reflect.NativeMethodAccessorImpl.invoke(NativeMethodAccessorImpl.java:77)
java.base/jdk.internal.reflect.DelegatingMethodAccessorImpl.invoke(DelegatingMethodAccessorImpl.java:43)
java.base/java.lang.reflect.Method.invoke(Method.java:568)
org.testng.internal.MethodInvocationHelper.invokeMethod(MethodInvocationHelper.java:132)
org.testng.internal.InvokeMethodRunnable.runOne(InvokeMethodRunnable.java:45)
org.testng.internal.InvokeMethodRunnable.call(InvokeMethodRunnable.java:73)
org.testng.internal.InvokeMethodRunnable.call(InvokeMethodRunnable.java:11)
java.base/java.util.concurrent.FutureTask.run(FutureTask.java:264)
java.base/java.util.concurrent.ThreadPoolExecutor.runWorker(ThreadPoolExecutor.java:1136)
java.base/java.util.concurrent.ThreadPoolExecutor$Worker.run(ThreadPoolExecutor.java:635)
java.base/java.lang.Thread.run(Thread.java:833)]]>
    </line>
    <line>
      <![CDATA[TELUSTV-21T - 192.168.2.13:5555 TEST [C:/Users/x245071/Documents/GitHub/TELUS-TSQA-TS-3SS-Client/testng.xml - TSQA_8360] FAILED at [13:43:58 2023-02-11] - Asset title is not displayed expected [true] but found [false]

org.testng.Assert.fail(Assert.java:99)
org.testng.Assert.failNotEquals(Assert.java:1037)
org.testng.Assert.assertTrue(Assert.java:45)
testsuite.RegressionTests.TSQA_8360(RegressionTests.java:3254)
testrunner.RegressionTestRunner.TSQA_8360(RegressionTestRunner.java:1444)
java.base/jdk.internal.reflect.NativeMethodAccessorImpl.invoke0(Native Method)
java.base/jdk.internal.reflect.NativeMethodAccessorImpl.invoke(NativeMethodAccessorImpl.java:77)
java.base/jdk.internal.reflect.DelegatingMethodAccessorImpl.invoke(DelegatingMethodAccessorImpl.java:43)
java.base/java.lang.reflect.Method.invoke(Method.java:568)
org.testng.internal.MethodInvocationHelper.invokeMethod(MethodInvocationHelper.java:132)
org.testng.internal.InvokeMethodRunnable.runOne(InvokeMethodRunnable.java:45)
org.testng.internal.InvokeMethodRunnable.call(InvokeMethodRunnable.java:73)
org.testng.internal.InvokeMethodRunnable.call(InvokeMethodRunnable.java:11)
java.base/java.util.concurrent.FutureTask.run(FutureTask.java:264)
java.base/java.util.concurrent.ThreadPoolExecutor.runWorker(ThreadPoolExecutor.java:1136)
java.base/java.util.concurrent.ThreadPoolExecutor$Worker.run(ThreadPoolExecutor.java:635)
java.base/java.lang.Thread.run(Thread.java:833)]]>
    </line>
    <line>
      <![CDATA[TELUSTV-21T - 192.168.2.13:5555 TEST [C:/Users/x245071/Documents/GitHub/TELUS-TSQA-TS-3SS-Client/testng.xml - TSQA_9333] FAILED at [14:05:44 2023-02-11] - Recording Title view is not displayed expected [true] but found [false]

org.testng.Assert.fail(Assert.java:99)
org.testng.Assert.failNotEquals(Assert.java:1037)
org.testng.Assert.assertTrue(Assert.java:45)
testsuite.RegressionTests.TSQA_9333(RegressionTests.java:2260)
testrunner.RegressionTestRunner.TSQA_9333(RegressionTestRunner.java:1357)
java.base/jdk.internal.reflect.NativeMethodAccessorImpl.invoke0(Native Method)
java.base/jdk.internal.reflect.NativeMethodAccessorImpl.invoke(NativeMethodAccessorImpl.java:77)
java.base/jdk.internal.reflect.DelegatingMethodAccessorImpl.invoke(DelegatingMethodAccessorImpl.java:43)
java.base/java.lang.reflect.Method.invoke(Method.java:568)
org.testng.internal.MethodInvocationHelper.invokeMethod(MethodInvocationHelper.java:132)
org.testng.internal.InvokeMethodRunnable.runOne(InvokeMethodRunnable.java:45)
org.testng.internal.InvokeMethodRunnable.call(InvokeMethodRunnable.java:73)
org.testng.internal.InvokeMethodRunnable.call(InvokeMethodRunnable.java:11)
java.base/java.util.concurrent.FutureTask.run(FutureTask.java:264)
java.base/java.util.concurrent.ThreadPoolExecutor.runWorker(ThreadPoolExecutor.java:1136)
java.base/java.util.concurrent.ThreadPoolExecutor$Worker.run(ThreadPoolExecutor.java:635)
java.base/java.lang.Thread.run(Thread.java:833)]]>
    </line>
  </reporter-output>
  <suite started-at="2023-02-11T07:21:22 EST" name="All Test Suite" finished-at="2023-02-11T14:14:06 EST" duration-ms="24763423">
    <groups>
      <group name="Sanity">        
        <method signature="RegressionTestRunner.TSQA_16799()[pri:0, instance:testrunner.RegressionTestRunner@362be0cd]" name="TSQA_16799" class="testrunner.RegressionTestRunner"/>
        <method signature="RegressionTestRunner.TSQA_39()[pri:0, instance:testrunner.RegressionTestRunner@362be0cd]" name="TSQA_39" class="testrunner.RegressionTestRunner"/>
        <method signature="RegressionTestRunner.TSQA_8350()[pri:0, instance:testrunner.RegressionTestRunner@362be0cd]" name="TSQA_8350" class="testrunner.RegressionTestRunner"/>
        <method signature="RegressionTestRunner.TSQA_8666()[pri:0, instance:testrunner.RegressionTestRunner@362be0cd]" name="TSQA_8666" class="testrunner.RegressionTestRunner"/>
        <method signature="RegressionTestRunner.TSQA_8667()[pri:0, instance:testrunner.RegressionTestRunner@362be0cd]" name="TSQA_8667" class="testrunner.RegressionTestRunner"/>
      </group> <!-- Sanity -->
      <group name="_RECORDING">
        <method signature="RegressionTestRunner.TSQA_10016()[pri:0, instance:testrunner.RegressionTestRunner@362be0cd]" name="TSQA_10016" class="testrunner.RegressionTestRunner"/>
        <method signature="RegressionTestRunner.TSQA_10017()[pri:0, instance:testrunner.RegressionTestRunner@362be0cd]" name="TSQA_10017" class="testrunner.RegressionTestRunner"/>
        <method signature="RegressionTestRunner.TSQA_10028()[pri:0, instance:testrunner.RegressionTestRunner@362be0cd]" name="TSQA_10028" class="testrunner.RegressionTestRunner"/>
        <method signature="RegressionTestRunner.TSQA_10083()[pri:0, instance:testrunner.RegressionTestRunner@362be0cd]" name="TSQA_10083" class="testrunner.RegressionTestRunner"/>
        <method signature="RegressionTestRunner.TSQA_10094()[pri:0, instance:testrunner.RegressionTestRunner@362be0cd]" name="TSQA_10094" class="testrunner.RegressionTestRunner"/>
        <method signature="RegressionTestRunner.TSQA_10096()[pri:0, instance:testrunner.RegressionTestRunner@362be0cd]" name="TSQA_10096" class="testrunner.RegressionTestRunner"/>
        <method signature="RegressionTestRunner.TSQA_10098()[pri:0, instance:testrunner.RegressionTestRunner@362be0cd]" name="TSQA_10098" class="testrunner.RegressionTestRunner"/>        
        <method signature="RegressionTestRunner.TSQA_10410()[pri:0, instance:testrunner.RegressionTestRunner@362be0cd]" name="TSQA_10410" class="testrunner.RegressionTestRunner"/>
        <method signature="RegressionTestRunner.TSQA_8350()[pri:0, instance:testrunner.RegressionTestRunner@362be0cd]" name="TSQA_8350" class="testrunner.RegressionTestRunner"/>
        <method signature="RegressionTestRunner.TSQA_8353()[pri:0, instance:testrunner.RegressionTestRunner@362be0cd]" name="TSQA_8353" class="testrunner.RegressionTestRunner"/>
        <method signature="RegressionTestRunner.TSQA_8360()[pri:0, instance:testrunner.RegressionTestRunner@362be0cd]" name="TSQA_8360" class="testrunner.RegressionTestRunner"/>
        <method signature="RegressionTestRunner.TSQA_8397()[pri:0, instance:testrunner.RegressionTestRunner@362be0cd]" name="TSQA_8397" class="testrunner.RegressionTestRunner"/>
        <method signature="RegressionTestRunner.TSQA_8400()[pri:0, instance:testrunner.RegressionTestRunner@362be0cd]" name="TSQA_8400" class="testrunner.RegressionTestRunner"/>
        <method signature="RegressionTestRunner.TSQA_9333()[pri:0, instance:testrunner.RegressionTestRunner@362be0cd]" name="TSQA_9333" class="testrunner.RegressionTestRunner"/>
        <method signature="RegressionTestRunner.TSQA_9334()[pri:0, instance:testrunner.RegressionTestRunner@362be0cd]" name="TSQA_9334" class="testrunner.RegressionTestRunner"/>
        <method signature="RegressionTestRunner.TSQA_9336()[pri:0, instance:testrunner.RegressionTestRunner@362be0cd]" name="TSQA_9336" class="testrunner.RegressionTestRunner"/>
        <method signature="RegressionTestRunner.TSQA_9338()[pri:0, instance:testrunner.RegressionTestRunner@362be0cd]" name="TSQA_9338" class="testrunner.RegressionTestRunner"/>
        <method signature="RegressionTestRunner.TSQA_9345()[pri:0, instance:testrunner.RegressionTestRunner@362be0cd]" name="TSQA_9345" class="testrunner.RegressionTestRunner"/>
      </group> <!-- _RECORDING -->
      <group name="_CAST">
        <method signature="RegressionTestRunner.TSQA_2889()[pri:0, instance:testrunner.RegressionTestRunner@362be0cd]" name="TSQA_2889" class="testrunner.RegressionTestRunner"/>
        <method signature="RegressionTestRunner.TSQA_2892()[pri:0, instance:testrunner.RegressionTestRunner@362be0cd]" name="TSQA_2892" class="testrunner.RegressionTestRunner"/>
        <method signature="RegressionTestRunner.TSQA_2977()[pri:0, instance:testrunner.RegressionTestRunner@362be0cd]" name="TSQA_2977" class="testrunner.RegressionTestRunner"/>
      </group> <!-- _CAST -->
      <group name="_PROFILES">
        <method signature="RegressionTestRunner.TSQA_16146()[pri:0, instance:testrunner.RegressionTestRunner@362be0cd]" name="TSQA_16146" class="testrunner.RegressionTestRunner"/>
      </group> <!-- _PROFILES -->
      <group name="_MAIN_MENU">
        <method signature="RegressionTestRunner.TSQA_1600()[pri:0, instance:testrunner.RegressionTestRunner@362be0cd]" name="TSQA_1600" class="testrunner.RegressionTestRunner"/>
        <method signature="RegressionTestRunner.TSQA_1604()[pri:0, instance:testrunner.RegressionTestRunner@362be0cd]" name="TSQA_1604" class="testrunner.RegressionTestRunner"/>
        <method signature="RegressionTestRunner.TSQA_1608()[pri:0, instance:testrunner.RegressionTestRunner@362be0cd]" name="TSQA_1608" class="testrunner.RegressionTestRunner"/>
      </group> <!-- _MAIN_MENU -->
      <group name="_TRAILER1">
        <method signature="RegressionTestRunner.TSQA_6441()[pri:0, instance:testrunner.RegressionTestRunner@362be0cd]" name="TSQA_6441" class="testrunner.RegressionTestRunner"/>
      </group> <!-- _TRAILER1 -->
      <group name="SETTINGS">
        <method signature="RegressionTestRunner.TSQA_1662()[pri:0, instance:testrunner.RegressionTestRunner@362be0cd]" name="TSQA_1662" class="testrunner.RegressionTestRunner"/>
      </group> <!-- SETTINGS -->
      <group name="_SETTINGS">
        <method signature="RegressionTestRunner.TSQA_1654()[pri:0, instance:testrunner.RegressionTestRunner@362be0cd]" name="TSQA_1654" class="testrunner.RegressionTestRunner"/>
        <method signature="RegressionTestRunner.TSQA_1660()[pri:0, instance:testrunner.RegressionTestRunner@362be0cd]" name="TSQA_1660" class="testrunner.RegressionTestRunner"/>
        <method signature="RegressionTestRunner.TSQA_4677()[pri:0, instance:testrunner.RegressionTestRunner@362be0cd]" name="TSQA_4677" class="testrunner.RegressionTestRunner"/>
      </group> <!-- _SETTINGS -->
      <group name="_EPG">
        <method signature="RegressionTestRunner.TSQA_3037()[pri:0, instance:testrunner.RegressionTestRunner@362be0cd]" name="TSQA_3037" class="testrunner.RegressionTestRunner"/>
      </group> <!-- _EPG -->
      <group name="Android_TV_STB">
        <method signature="RegressionTestRunner.TSQA_10016()[pri:0, instance:testrunner.RegressionTestRunner@362be0cd]" name="TSQA_10016" class="testrunner.RegressionTestRunner"/>
        <method signature="RegressionTestRunner.TSQA_10017()[pri:0, instance:testrunner.RegressionTestRunner@362be0cd]" name="TSQA_10017" class="testrunner.RegressionTestRunner"/>
        <method signature="RegressionTestRunner.TSQA_10028()[pri:0, instance:testrunner.RegressionTestRunner@362be0cd]" name="TSQA_10028" class="testrunner.RegressionTestRunner"/>
        <method signature="RegressionTestRunner.TSQA_10083()[pri:0, instance:testrunner.RegressionTestRunner@362be0cd]" name="TSQA_10083" class="testrunner.RegressionTestRunner"/>
        <method signature="RegressionTestRunner.TSQA_10094()[pri:0, instance:testrunner.RegressionTestRunner@362be0cd]" name="TSQA_10094" class="testrunner.RegressionTestRunner"/>
        <method signature="RegressionTestRunner.TSQA_10096()[pri:0, instance:testrunner.RegressionTestRunner@362be0cd]" name="TSQA_10096" class="testrunner.RegressionTestRunner"/>
        <method signature="RegressionTestRunner.TSQA_10098()[pri:0, instance:testrunner.RegressionTestRunner@362be0cd]" name="TSQA_10098" class="testrunner.RegressionTestRunner"/>        
        <method signature="RegressionTestRunner.TSQA_10410()[pri:0, instance:testrunner.RegressionTestRunner@362be0cd]" name="TSQA_10410" class="testrunner.RegressionTestRunner"/>
        <method signature="RegressionTestRunner.TSQA_10735()[pri:0, instance:testrunner.RegressionTestRunner@362be0cd]" name="TSQA_10735" class="testrunner.RegressionTestRunner"/>
        <method signature="RegressionTestRunner.TSQA_10738()[pri:0, instance:testrunner.RegressionTestRunner@362be0cd]" name="TSQA_10738" class="testrunner.RegressionTestRunner"/>
        <method signature="RegressionTestRunner.TSQA_12058()[pri:0, instance:testrunner.RegressionTestRunner@362be0cd]" name="TSQA_12058" class="testrunner.RegressionTestRunner"/>
        <method signature="RegressionTestRunner.TSQA_12062()[pri:0, instance:testrunner.RegressionTestRunner@362be0cd]" name="TSQA_12062" class="testrunner.RegressionTestRunner"/>
        <method signature="RegressionTestRunner.TSQA_12200()[pri:0, instance:testrunner.RegressionTestRunner@362be0cd]" name="TSQA_12200" class="testrunner.RegressionTestRunner"/>
        <method signature="RegressionTestRunner.TSQA_13109()[pri:0, instance:testrunner.RegressionTestRunner@362be0cd]" name="TSQA_13109" class="testrunner.RegressionTestRunner"/>
        <method signature="RegressionTestRunner.TSQA_13469()[pri:0, instance:testrunner.RegressionTestRunner@362be0cd]" name="TSQA_13469" class="testrunner.RegressionTestRunner"/>
        <method signature="RegressionTestRunner.TSQA_1600()[pri:0, instance:testrunner.RegressionTestRunner@362be0cd]" name="TSQA_1600" class="testrunner.RegressionTestRunner"/>
        <method signature="RegressionTestRunner.TSQA_1604()[pri:0, instance:testrunner.RegressionTestRunner@362be0cd]" name="TSQA_1604" class="testrunner.RegressionTestRunner"/>
        <method signature="RegressionTestRunner.TSQA_1608()[pri:0, instance:testrunner.RegressionTestRunner@362be0cd]" name="TSQA_1608" class="testrunner.RegressionTestRunner"/>
        <method signature="RegressionTestRunner.TSQA_16146()[pri:0, instance:testrunner.RegressionTestRunner@362be0cd]" name="TSQA_16146" class="testrunner.RegressionTestRunner"/>
        <method signature="RegressionTestRunner.TSQA_1617()[pri:0, instance:testrunner.RegressionTestRunner@362be0cd]" name="TSQA_1617" class="testrunner.RegressionTestRunner"/>
        <method signature="RegressionTestRunner.TSQA_1623()[pri:0, instance:testrunner.RegressionTestRunner@362be0cd]" name="TSQA_1623" class="testrunner.RegressionTestRunner"/>
        <method signature="RegressionTestRunner.TSQA_1634()[pri:0, instance:testrunner.RegressionTestRunner@362be0cd]" name="TSQA_1634" class="testrunner.RegressionTestRunner"/>
        <method signature="RegressionTestRunner.TSQA_1637()[pri:0, instance:testrunner.RegressionTestRunner@362be0cd]" name="TSQA_1637" class="testrunner.RegressionTestRunner"/>
        <method signature="RegressionTestRunner.TSQA_1640()[pri:0, instance:testrunner.RegressionTestRunner@362be0cd]" name="TSQA_1640" class="testrunner.RegressionTestRunner"/>
        <method signature="RegressionTestRunner.TSQA_1643()[pri:0, instance:testrunner.RegressionTestRunner@362be0cd]" name="TSQA_1643" class="testrunner.RegressionTestRunner"/>
        <method signature="RegressionTestRunner.TSQA_1644()[pri:0, instance:testrunner.RegressionTestRunner@362be0cd]" name="TSQA_1644" class="testrunner.RegressionTestRunner"/>
        <method signature="RegressionTestRunner.TSQA_1645()[pri:0, instance:testrunner.RegressionTestRunner@362be0cd]" name="TSQA_1645" class="testrunner.RegressionTestRunner"/>
        <method signature="RegressionTestRunner.TSQA_1654()[pri:0, instance:testrunner.RegressionTestRunner@362be0cd]" name="TSQA_1654" class="testrunner.RegressionTestRunner"/>
        <method signature="RegressionTestRunner.TSQA_1660()[pri:0, instance:testrunner.RegressionTestRunner@362be0cd]" name="TSQA_1660" class="testrunner.RegressionTestRunner"/>
        <method signature="RegressionTestRunner.TSQA_1662()[pri:0, instance:testrunner.RegressionTestRunner@362be0cd]" name="TSQA_1662" class="testrunner.RegressionTestRunner"/>
        <method signature="RegressionTestRunner.TSQA_1666()[pri:0, instance:testrunner.RegressionTestRunner@362be0cd]" name="TSQA_1666" class="testrunner.RegressionTestRunner"/>
        <method signature="RegressionTestRunner.TSQA_1669()[pri:0, instance:testrunner.RegressionTestRunner@362be0cd]" name="TSQA_1669" class="testrunner.RegressionTestRunner"/>
        <method signature="RegressionTestRunner.TSQA_1672()[pri:0, instance:testrunner.RegressionTestRunner@362be0cd]" name="TSQA_1672" class="testrunner.RegressionTestRunner"/>
        <method signature="RegressionTestRunner.TSQA_1675()[pri:0, instance:testrunner.RegressionTestRunner@362be0cd]" name="TSQA_1675" class="testrunner.RegressionTestRunner"/>
        <method signature="RegressionTestRunner.TSQA_16799()[pri:0, instance:testrunner.RegressionTestRunner@362be0cd]" name="TSQA_16799" class="testrunner.RegressionTestRunner"/>
        <method signature="RegressionTestRunner.TSQA_16808()[pri:0, instance:testrunner.RegressionTestRunner@362be0cd]" name="TSQA_16808" class="testrunner.RegressionTestRunner"/>
        <method signature="RegressionTestRunner.TSQA_1703()[pri:0, instance:testrunner.RegressionTestRunner@362be0cd]" name="TSQA_1703" class="testrunner.RegressionTestRunner"/>
        <method signature="RegressionTestRunner.TSQA_1724()[pri:0, instance:testrunner.RegressionTestRunner@362be0cd]" name="TSQA_1724" class="testrunner.RegressionTestRunner"/>
        <method signature="RegressionTestRunner.TSQA_1731()[pri:0, instance:testrunner.RegressionTestRunner@362be0cd]" name="TSQA_1731" class="testrunner.RegressionTestRunner"/>
        <method signature="RegressionTestRunner.TSQA_2412()[pri:0, instance:testrunner.RegressionTestRunner@362be0cd]" name="TSQA_2412" class="testrunner.RegressionTestRunner"/>
        <method signature="RegressionTestRunner.TSQA_2447()[pri:0, instance:testrunner.RegressionTestRunner@362be0cd]" name="TSQA_2447" class="testrunner.RegressionTestRunner"/>
        <method signature="RegressionTestRunner.TSQA_2478()[pri:0, instance:testrunner.RegressionTestRunner@362be0cd]" name="TSQA_2478" class="testrunner.RegressionTestRunner"/>
        <method signature="RegressionTestRunner.TSQA_2480()[pri:0, instance:testrunner.RegressionTestRunner@362be0cd]" name="TSQA_2480" class="testrunner.RegressionTestRunner"/>
        <method signature="RegressionTestRunner.TSQA_2487()[pri:0, instance:testrunner.RegressionTestRunner@362be0cd]" name="TSQA_2487" class="testrunner.RegressionTestRunner"/>
        <method signature="RegressionTestRunner.TSQA_2489()[pri:0, instance:testrunner.RegressionTestRunner@362be0cd]" name="TSQA_2489" class="testrunner.RegressionTestRunner"/>
        <method signature="RegressionTestRunner.TSQA_2536()[pri:0, instance:testrunner.RegressionTestRunner@362be0cd]" name="TSQA_2536" class="testrunner.RegressionTestRunner"/>
        <method signature="RegressionTestRunner.TSQA_2627()[pri:0, instance:testrunner.RegressionTestRunner@362be0cd]" name="TSQA_2627" class="testrunner.RegressionTestRunner"/>
        <method signature="RegressionTestRunner.TSQA_2628()[pri:0, instance:testrunner.RegressionTestRunner@362be0cd]" name="TSQA_2628" class="testrunner.RegressionTestRunner"/>
        <method signature="RegressionTestRunner.TSQA_2837()[pri:0, instance:testrunner.RegressionTestRunner@362be0cd]" name="TSQA_2837" class="testrunner.RegressionTestRunner"/>
        <method signature="RegressionTestRunner.TSQA_2847()[pri:0, instance:testrunner.RegressionTestRunner@362be0cd]" name="TSQA_2847" class="testrunner.RegressionTestRunner"/>
        <method signature="RegressionTestRunner.TSQA_2849()[pri:0, instance:testrunner.RegressionTestRunner@362be0cd]" name="TSQA_2849" class="testrunner.RegressionTestRunner"/>
        <method signature="RegressionTestRunner.TSQA_2887()[pri:0, instance:testrunner.RegressionTestRunner@362be0cd]" name="TSQA_2887" class="testrunner.RegressionTestRunner"/>
        <method signature="RegressionTestRunner.TSQA_2889()[pri:0, instance:testrunner.RegressionTestRunner@362be0cd]" name="TSQA_2889" class="testrunner.RegressionTestRunner"/>
        <method signature="RegressionTestRunner.TSQA_2892()[pri:0, instance:testrunner.RegressionTestRunner@362be0cd]" name="TSQA_2892" class="testrunner.RegressionTestRunner"/>
        <method signature="RegressionTestRunner.TSQA_2910()[pri:0, instance:testrunner.RegressionTestRunner@362be0cd]" name="TSQA_2910" class="testrunner.RegressionTestRunner"/>
        <method signature="RegressionTestRunner.TSQA_2913()[pri:0, instance:testrunner.RegressionTestRunner@362be0cd]" name="TSQA_2913" class="testrunner.RegressionTestRunner"/>
        <method signature="RegressionTestRunner.TSQA_2914()[pri:0, instance:testrunner.RegressionTestRunner@362be0cd]" name="TSQA_2914" class="testrunner.RegressionTestRunner"/>
        <method signature="RegressionTestRunner.TSQA_2916()[pri:0, instance:testrunner.RegressionTestRunner@362be0cd]" name="TSQA_2916" class="testrunner.RegressionTestRunner"/>
        <method signature="RegressionTestRunner.TSQA_2922()[pri:0, instance:testrunner.RegressionTestRunner@362be0cd]" name="TSQA_2922" class="testrunner.RegressionTestRunner"/>
        <method signature="RegressionTestRunner.TSQA_2927()[pri:0, instance:testrunner.RegressionTestRunner@362be0cd]" name="TSQA_2927" class="testrunner.RegressionTestRunner"/>
        <method signature="RegressionTestRunner.TSQA_2936()[pri:0, instance:testrunner.RegressionTestRunner@362be0cd]" name="TSQA_2936" class="testrunner.RegressionTestRunner"/>
        <method signature="RegressionTestRunner.TSQA_2938()[pri:0, instance:testrunner.RegressionTestRunner@362be0cd]" name="TSQA_2938" class="testrunner.RegressionTestRunner"/>
        <method signature="RegressionTestRunner.TSQA_2953()[pri:0, instance:testrunner.RegressionTestRunner@362be0cd]" name="TSQA_2953" class="testrunner.RegressionTestRunner"/>
        <method signature="RegressionTestRunner.TSQA_2954()[pri:0, instance:testrunner.RegressionTestRunner@362be0cd]" name="TSQA_2954" class="testrunner.RegressionTestRunner"/>
        <method signature="RegressionTestRunner.TSQA_2956()[pri:0, instance:testrunner.RegressionTestRunner@362be0cd]" name="TSQA_2956" class="testrunner.RegressionTestRunner"/>
        <method signature="RegressionTestRunner.TSQA_2957()[pri:0, instance:testrunner.RegressionTestRunner@362be0cd]" name="TSQA_2957" class="testrunner.RegressionTestRunner"/>
        <method signature="RegressionTestRunner.TSQA_2958()[pri:0, instance:testrunner.RegressionTestRunner@362be0cd]" name="TSQA_2958" class="testrunner.RegressionTestRunner"/>
        <method signature="RegressionTestRunner.TSQA_2962()[pri:0, instance:testrunner.RegressionTestRunner@362be0cd]" name="TSQA_2962" class="testrunner.RegressionTestRunner"/>
        <method signature="RegressionTestRunner.TSQA_2963()[pri:0, instance:testrunner.RegressionTestRunner@362be0cd]" name="TSQA_2963" class="testrunner.RegressionTestRunner"/>
        <method signature="RegressionTestRunner.TSQA_2970()[pri:0, instance:testrunner.RegressionTestRunner@362be0cd]" name="TSQA_2970" class="testrunner.RegressionTestRunner"/>
        <method signature="RegressionTestRunner.TSQA_2977()[pri:0, instance:testrunner.RegressionTestRunner@362be0cd]" name="TSQA_2977" class="testrunner.RegressionTestRunner"/>
        <method signature="RegressionTestRunner.TSQA_3017()[pri:0, instance:testrunner.RegressionTestRunner@362be0cd]" name="TSQA_3017" class="testrunner.RegressionTestRunner"/>
        <method signature="RegressionTestRunner.TSQA_3020()[pri:0, instance:testrunner.RegressionTestRunner@362be0cd]" name="TSQA_3020" class="testrunner.RegressionTestRunner"/>
        <method signature="RegressionTestRunner.TSQA_3030()[pri:0, instance:testrunner.RegressionTestRunner@362be0cd]" name="TSQA_3030" class="testrunner.RegressionTestRunner"/>
        <method signature="RegressionTestRunner.TSQA_3037()[pri:0, instance:testrunner.RegressionTestRunner@362be0cd]" name="TSQA_3037" class="testrunner.RegressionTestRunner"/>
        <method signature="RegressionTestRunner.TSQA_3041()[pri:0, instance:testrunner.RegressionTestRunner@362be0cd]" name="TSQA_3041" class="testrunner.RegressionTestRunner"/>
        <method signature="RegressionTestRunner.TSQA_3044()[pri:0, instance:testrunner.RegressionTestRunner@362be0cd]" name="TSQA_3044" class="testrunner.RegressionTestRunner"/>
        <method signature="RegressionTestRunner.TSQA_3243()[pri:0, instance:testrunner.RegressionTestRunner@362be0cd]" name="TSQA_3243" class="testrunner.RegressionTestRunner"/>
        <method signature="RegressionTestRunner.TSQA_3398()[pri:0, instance:testrunner.RegressionTestRunner@362be0cd]" name="TSQA_3398" class="testrunner.RegressionTestRunner"/>
        <method signature="RegressionTestRunner.TSQA_3399()[pri:0, instance:testrunner.RegressionTestRunner@362be0cd]" name="TSQA_3399" class="testrunner.RegressionTestRunner"/>
        <method signature="RegressionTestRunner.TSQA_3402()[pri:0, instance:testrunner.RegressionTestRunner@362be0cd]" name="TSQA_3402" class="testrunner.RegressionTestRunner"/>
        <method signature="RegressionTestRunner.TSQA_3403()[pri:0, instance:testrunner.RegressionTestRunner@362be0cd]" name="TSQA_3403" class="testrunner.RegressionTestRunner"/>
        <method signature="RegressionTestRunner.TSQA_3408()[pri:0, instance:testrunner.RegressionTestRunner@362be0cd]" name="TSQA_3408" class="testrunner.RegressionTestRunner"/>
        <method signature="RegressionTestRunner.TSQA_3420()[pri:0, instance:testrunner.RegressionTestRunner@362be0cd]" name="TSQA_3420" class="testrunner.RegressionTestRunner"/>
        <method signature="RegressionTestRunner.TSQA_3458()[pri:0, instance:testrunner.RegressionTestRunner@362be0cd]" name="TSQA_3458" class="testrunner.RegressionTestRunner"/>
        <method signature="RegressionTestRunner.TSQA_39()[pri:0, instance:testrunner.RegressionTestRunner@362be0cd]" name="TSQA_39" class="testrunner.RegressionTestRunner"/>
        <method signature="RegressionTestRunner.TSQA_4171()[pri:0, instance:testrunner.RegressionTestRunner@362be0cd]" name="TSQA_4171" class="testrunner.RegressionTestRunner"/>
        <method signature="RegressionTestRunner.TSQA_4423()[pri:0, instance:testrunner.RegressionTestRunner@362be0cd]" name="TSQA_4423" class="testrunner.RegressionTestRunner"/>
        <method signature="RegressionTestRunner.TSQA_4677()[pri:0, instance:testrunner.RegressionTestRunner@362be0cd]" name="TSQA_4677" class="testrunner.RegressionTestRunner"/>
        <method signature="RegressionTestRunner.TSQA_4679()[pri:0, instance:testrunner.RegressionTestRunner@362be0cd]" name="TSQA_4679" class="testrunner.RegressionTestRunner"/>
        <method signature="RegressionTestRunner.TSQA_4681()[pri:0, instance:testrunner.RegressionTestRunner@362be0cd]" name="TSQA_4681" class="testrunner.RegressionTestRunner"/>
        <method signature="RegressionTestRunner.TSQA_4700()[pri:0, instance:testrunner.RegressionTestRunner@362be0cd]" name="TSQA_4700" class="testrunner.RegressionTestRunner"/>
        <method signature="RegressionTestRunner.TSQA_4701()[pri:0, instance:testrunner.RegressionTestRunner@362be0cd]" name="TSQA_4701" class="testrunner.RegressionTestRunner"/>
        <method signature="RegressionTestRunner.TSQA_4703()[pri:0, instance:testrunner.RegressionTestRunner@362be0cd]" name="TSQA_4703" class="testrunner.RegressionTestRunner"/>
        <method signature="RegressionTestRunner.TSQA_4704()[pri:0, instance:testrunner.RegressionTestRunner@362be0cd]" name="TSQA_4704" class="testrunner.RegressionTestRunner"/>
        <method signature="RegressionTestRunner.TSQA_4724()[pri:0, instance:testrunner.RegressionTestRunner@362be0cd]" name="TSQA_4724" class="testrunner.RegressionTestRunner"/>
        <method signature="RegressionTestRunner.TSQA_4729()[pri:0, instance:testrunner.RegressionTestRunner@362be0cd]" name="TSQA_4729" class="testrunner.RegressionTestRunner"/>
        <method signature="RegressionTestRunner.TSQA_5333()[pri:0, instance:testrunner.RegressionTestRunner@362be0cd]" name="TSQA_5333" class="testrunner.RegressionTestRunner"/>
        <method signature="RegressionTestRunner.TSQA_5334()[pri:0, instance:testrunner.RegressionTestRunner@362be0cd]" name="TSQA_5334" class="testrunner.RegressionTestRunner"/>
        <method signature="RegressionTestRunner.TSQA_5335()[pri:0, instance:testrunner.RegressionTestRunner@362be0cd]" name="TSQA_5335" class="testrunner.RegressionTestRunner"/>
        <method signature="RegressionTestRunner.TSQA_6439()[pri:0, instance:testrunner.RegressionTestRunner@362be0cd]" name="TSQA_6439" class="testrunner.RegressionTestRunner"/>
        <method signature="RegressionTestRunner.TSQA_6441()[pri:0, instance:testrunner.RegressionTestRunner@362be0cd]" name="TSQA_6441" class="testrunner.RegressionTestRunner"/>
        <method signature="RegressionTestRunner.TSQA_6444()[pri:0, instance:testrunner.RegressionTestRunner@362be0cd]" name="TSQA_6444" class="testrunner.RegressionTestRunner"/>
        <method signature="RegressionTestRunner.TSQA_6451()[pri:0, instance:testrunner.RegressionTestRunner@362be0cd]" name="TSQA_6451" class="testrunner.RegressionTestRunner"/>
        <method signature="RegressionTestRunner.TSQA_6452()[pri:0, instance:testrunner.RegressionTestRunner@362be0cd]" name="TSQA_6452" class="testrunner.RegressionTestRunner"/>
        <method signature="RegressionTestRunner.TSQA_6455()[pri:0, instance:testrunner.RegressionTestRunner@362be0cd]" name="TSQA_6455" class="testrunner.RegressionTestRunner"/>
        <method signature="RegressionTestRunner.TSQA_6459()[pri:0, instance:testrunner.RegressionTestRunner@362be0cd]" name="TSQA_6459" class="testrunner.RegressionTestRunner"/>
        <method signature="RegressionTestRunner.TSQA_6462()[pri:0, instance:testrunner.RegressionTestRunner@362be0cd]" name="TSQA_6462" class="testrunner.RegressionTestRunner"/>
        <method signature="RegressionTestRunner.TSQA_6465()[pri:0, instance:testrunner.RegressionTestRunner@362be0cd]" name="TSQA_6465" class="testrunner.RegressionTestRunner"/>
        <method signature="RegressionTestRunner.TSQA_6467()[pri:0, instance:testrunner.RegressionTestRunner@362be0cd]" name="TSQA_6467" class="testrunner.RegressionTestRunner"/>
        <method signature="RegressionTestRunner.TSQA_6523()[pri:0, instance:testrunner.RegressionTestRunner@362be0cd]" name="TSQA_6523" class="testrunner.RegressionTestRunner"/>
        <method signature="RegressionTestRunner.TSQA_6610()[pri:0, instance:testrunner.RegressionTestRunner@362be0cd]" name="TSQA_6610" class="testrunner.RegressionTestRunner"/>
        <method signature="RegressionTestRunner.TSQA_6611()[pri:0, instance:testrunner.RegressionTestRunner@362be0cd]" name="TSQA_6611" class="testrunner.RegressionTestRunner"/>
        <method signature="RegressionTestRunner.TSQA_6617()[pri:0, instance:testrunner.RegressionTestRunner@362be0cd]" name="TSQA_6617" class="testrunner.RegressionTestRunner"/>
        <method signature="RegressionTestRunner.TSQA_6618()[pri:0, instance:testrunner.RegressionTestRunner@362be0cd]" name="TSQA_6618" class="testrunner.RegressionTestRunner"/>
        <method signature="RegressionTestRunner.TSQA_6619()[pri:0, instance:testrunner.RegressionTestRunner@362be0cd]" name="TSQA_6619" class="testrunner.RegressionTestRunner"/>
        <method signature="RegressionTestRunner.TSQA_6620()[pri:0, instance:testrunner.RegressionTestRunner@362be0cd]" name="TSQA_6620" class="testrunner.RegressionTestRunner"/>
        <method signature="RegressionTestRunner.TSQA_6696()[pri:0, instance:testrunner.RegressionTestRunner@362be0cd]" name="TSQA_6696" class="testrunner.RegressionTestRunner"/>
        <method signature="RegressionTestRunner.TSQA_6817()[pri:0, instance:testrunner.RegressionTestRunner@362be0cd]" name="TSQA_6817" class="testrunner.RegressionTestRunner"/>
        <method signature="RegressionTestRunner.TSQA_6818()[pri:0, instance:testrunner.RegressionTestRunner@362be0cd]" name="TSQA_6818" class="testrunner.RegressionTestRunner"/>
        <method signature="RegressionTestRunner.TSQA_6819()[pri:0, instance:testrunner.RegressionTestRunner@362be0cd]" name="TSQA_6819" class="testrunner.RegressionTestRunner"/>
        <method signature="RegressionTestRunner.TSQA_6821()[pri:0, instance:testrunner.RegressionTestRunner@362be0cd]" name="TSQA_6821" class="testrunner.RegressionTestRunner"/>
        <method signature="RegressionTestRunner.TSQA_6823()[pri:0, instance:testrunner.RegressionTestRunner@362be0cd]" name="TSQA_6823" class="testrunner.RegressionTestRunner"/>
        <method signature="RegressionTestRunner.TSQA_6825()[pri:0, instance:testrunner.RegressionTestRunner@362be0cd]" name="TSQA_6825" class="testrunner.RegressionTestRunner"/>
        <method signature="RegressionTestRunner.TSQA_7234()[pri:0, instance:testrunner.RegressionTestRunner@362be0cd]" name="TSQA_7234" class="testrunner.RegressionTestRunner"/>
        <method signature="RegressionTestRunner.TSQA_8293()[pri:0, instance:testrunner.RegressionTestRunner@362be0cd]" name="TSQA_8293" class="testrunner.RegressionTestRunner"/>
        <method signature="RegressionTestRunner.TSQA_8294()[pri:0, instance:testrunner.RegressionTestRunner@362be0cd]" name="TSQA_8294" class="testrunner.RegressionTestRunner"/>
        <method signature="RegressionTestRunner.TSQA_8296()[pri:0, instance:testrunner.RegressionTestRunner@362be0cd]" name="TSQA_8296" class="testrunner.RegressionTestRunner"/>
        <method signature="RegressionTestRunner.TSQA_8350()[pri:0, instance:testrunner.RegressionTestRunner@362be0cd]" name="TSQA_8350" class="testrunner.RegressionTestRunner"/>
        <method signature="RegressionTestRunner.TSQA_8353()[pri:0, instance:testrunner.RegressionTestRunner@362be0cd]" name="TSQA_8353" class="testrunner.RegressionTestRunner"/>
        <method signature="RegressionTestRunner.TSQA_8360()[pri:0, instance:testrunner.RegressionTestRunner@362be0cd]" name="TSQA_8360" class="testrunner.RegressionTestRunner"/>
        <method signature="RegressionTestRunner.TSQA_8397()[pri:0, instance:testrunner.RegressionTestRunner@362be0cd]" name="TSQA_8397" class="testrunner.RegressionTestRunner"/>
        <method signature="RegressionTestRunner.TSQA_8400()[pri:0, instance:testrunner.RegressionTestRunner@362be0cd]" name="TSQA_8400" class="testrunner.RegressionTestRunner"/>
        <method signature="RegressionTestRunner.TSQA_8666()[pri:0, instance:testrunner.RegressionTestRunner@362be0cd]" name="TSQA_8666" class="testrunner.RegressionTestRunner"/>
        <method signature="RegressionTestRunner.TSQA_8667()[pri:0, instance:testrunner.RegressionTestRunner@362be0cd]" name="TSQA_8667" class="testrunner.RegressionTestRunner"/>
        <method signature="RegressionTestRunner.TSQA_8794()[pri:0, instance:testrunner.RegressionTestRunner@362be0cd]" name="TSQA_8794" class="testrunner.RegressionTestRunner"/>
        <method signature="RegressionTestRunner.TSQA_8800()[pri:0, instance:testrunner.RegressionTestRunner@362be0cd]" name="TSQA_8800" class="testrunner.RegressionTestRunner"/>
        <method signature="RegressionTestRunner.TSQA_8808()[pri:0, instance:testrunner.RegressionTestRunner@362be0cd]" name="TSQA_8808" class="testrunner.RegressionTestRunner"/>
        <method signature="RegressionTestRunner.TSQA_8852()[pri:0, instance:testrunner.RegressionTestRunner@362be0cd]" name="TSQA_8852" class="testrunner.RegressionTestRunner"/>
        <method signature="RegressionTestRunner.TSQA_9333()[pri:0, instance:testrunner.RegressionTestRunner@362be0cd]" name="TSQA_9333" class="testrunner.RegressionTestRunner"/>
        <method signature="RegressionTestRunner.TSQA_9334()[pri:0, instance:testrunner.RegressionTestRunner@362be0cd]" name="TSQA_9334" class="testrunner.RegressionTestRunner"/>
        <method signature="RegressionTestRunner.TSQA_9336()[pri:0, instance:testrunner.RegressionTestRunner@362be0cd]" name="TSQA_9336" class="testrunner.RegressionTestRunner"/>
        <method signature="RegressionTestRunner.TSQA_9338()[pri:0, instance:testrunner.RegressionTestRunner@362be0cd]" name="TSQA_9338" class="testrunner.RegressionTestRunner"/>
        <method signature="RegressionTestRunner.TSQA_9345()[pri:0, instance:testrunner.RegressionTestRunner@362be0cd]" name="TSQA_9345" class="testrunner.RegressionTestRunner"/>
      </group> <!-- Android_TV_STB -->
      <group name="_STRIPES">
        <method signature="RegressionTestRunner.TSQA_2489()[pri:0, instance:testrunner.RegressionTestRunner@362be0cd]" name="TSQA_2489" class="testrunner.RegressionTestRunner"/>
      </group> <!-- _STRIPES -->
      <group name="Parllel">
        <method signature="RegressionTestRunner.TSQA_8667()[pri:0, instance:testrunner.RegressionTestRunner@362be0cd]" name="TSQA_8667" class="testrunner.RegressionTestRunner"/>
      </group> <!-- Parllel -->
      <group name="_REG">
        <method signature="RegressionTestRunner.TSQA_10016()[pri:0, instance:testrunner.RegressionTestRunner@362be0cd]" name="TSQA_10016" class="testrunner.RegressionTestRunner"/>
        <method signature="RegressionTestRunner.TSQA_10017()[pri:0, instance:testrunner.RegressionTestRunner@362be0cd]" name="TSQA_10017" class="testrunner.RegressionTestRunner"/>
        <method signature="RegressionTestRunner.TSQA_10028()[pri:0, instance:testrunner.RegressionTestRunner@362be0cd]" name="TSQA_10028" class="testrunner.RegressionTestRunner"/>
        <method signature="RegressionTestRunner.TSQA_10083()[pri:0, instance:testrunner.RegressionTestRunner@362be0cd]" name="TSQA_10083" class="testrunner.RegressionTestRunner"/>
        <method signature="RegressionTestRunner.TSQA_10094()[pri:0, instance:testrunner.RegressionTestRunner@362be0cd]" name="TSQA_10094" class="testrunner.RegressionTestRunner"/>
        <method signature="RegressionTestRunner.TSQA_10096()[pri:0, instance:testrunner.RegressionTestRunner@362be0cd]" name="TSQA_10096" class="testrunner.RegressionTestRunner"/>
        <method signature="RegressionTestRunner.TSQA_10098()[pri:0, instance:testrunner.RegressionTestRunner@362be0cd]" name="TSQA_10098" class="testrunner.RegressionTestRunner"/>        
        <method signature="RegressionTestRunner.TSQA_10410()[pri:0, instance:testrunner.RegressionTestRunner@362be0cd]" name="TSQA_10410" class="testrunner.RegressionTestRunner"/>
        <method signature="RegressionTestRunner.TSQA_10735()[pri:0, instance:testrunner.RegressionTestRunner@362be0cd]" name="TSQA_10735" class="testrunner.RegressionTestRunner"/>
        <method signature="RegressionTestRunner.TSQA_10738()[pri:0, instance:testrunner.RegressionTestRunner@362be0cd]" name="TSQA_10738" class="testrunner.RegressionTestRunner"/>
        <method signature="RegressionTestRunner.TSQA_12058()[pri:0, instance:testrunner.RegressionTestRunner@362be0cd]" name="TSQA_12058" class="testrunner.RegressionTestRunner"/>
        <method signature="RegressionTestRunner.TSQA_12062()[pri:0, instance:testrunner.RegressionTestRunner@362be0cd]" name="TSQA_12062" class="testrunner.RegressionTestRunner"/>
        <method signature="RegressionTestRunner.TSQA_12200()[pri:0, instance:testrunner.RegressionTestRunner@362be0cd]" name="TSQA_12200" class="testrunner.RegressionTestRunner"/>
        <method signature="RegressionTestRunner.TSQA_13109()[pri:0, instance:testrunner.RegressionTestRunner@362be0cd]" name="TSQA_13109" class="testrunner.RegressionTestRunner"/>
        <method signature="RegressionTestRunner.TSQA_13469()[pri:0, instance:testrunner.RegressionTestRunner@362be0cd]" name="TSQA_13469" class="testrunner.RegressionTestRunner"/>
        <method signature="RegressionTestRunner.TSQA_1600()[pri:0, instance:testrunner.RegressionTestRunner@362be0cd]" name="TSQA_1600" class="testrunner.RegressionTestRunner"/>
        <method signature="RegressionTestRunner.TSQA_1604()[pri:0, instance:testrunner.RegressionTestRunner@362be0cd]" name="TSQA_1604" class="testrunner.RegressionTestRunner"/>
        <method signature="RegressionTestRunner.TSQA_1608()[pri:0, instance:testrunner.RegressionTestRunner@362be0cd]" name="TSQA_1608" class="testrunner.RegressionTestRunner"/>
        <method signature="RegressionTestRunner.TSQA_16146()[pri:0, instance:testrunner.RegressionTestRunner@362be0cd]" name="TSQA_16146" class="testrunner.RegressionTestRunner"/>
        <method signature="RegressionTestRunner.TSQA_1617()[pri:0, instance:testrunner.RegressionTestRunner@362be0cd]" name="TSQA_1617" class="testrunner.RegressionTestRunner"/>
        <method signature="RegressionTestRunner.TSQA_1623()[pri:0, instance:testrunner.RegressionTestRunner@362be0cd]" name="TSQA_1623" class="testrunner.RegressionTestRunner"/>
        <method signature="RegressionTestRunner.TSQA_1634()[pri:0, instance:testrunner.RegressionTestRunner@362be0cd]" name="TSQA_1634" class="testrunner.RegressionTestRunner"/>
        <method signature="RegressionTestRunner.TSQA_1637()[pri:0, instance:testrunner.RegressionTestRunner@362be0cd]" name="TSQA_1637" class="testrunner.RegressionTestRunner"/>
        <method signature="RegressionTestRunner.TSQA_1640()[pri:0, instance:testrunner.RegressionTestRunner@362be0cd]" name="TSQA_1640" class="testrunner.RegressionTestRunner"/>
        <method signature="RegressionTestRunner.TSQA_1643()[pri:0, instance:testrunner.RegressionTestRunner@362be0cd]" name="TSQA_1643" class="testrunner.RegressionTestRunner"/>
        <method signature="RegressionTestRunner.TSQA_1644()[pri:0, instance:testrunner.RegressionTestRunner@362be0cd]" name="TSQA_1644" class="testrunner.RegressionTestRunner"/>
        <method signature="RegressionTestRunner.TSQA_1645()[pri:0, instance:testrunner.RegressionTestRunner@362be0cd]" name="TSQA_1645" class="testrunner.RegressionTestRunner"/>
        <method signature="RegressionTestRunner.TSQA_1654()[pri:0, instance:testrunner.RegressionTestRunner@362be0cd]" name="TSQA_1654" class="testrunner.RegressionTestRunner"/>
        <method signature="RegressionTestRunner.TSQA_1660()[pri:0, instance:testrunner.RegressionTestRunner@362be0cd]" name="TSQA_1660" class="testrunner.RegressionTestRunner"/>
        <method signature="RegressionTestRunner.TSQA_1662()[pri:0, instance:testrunner.RegressionTestRunner@362be0cd]" name="TSQA_1662" class="testrunner.RegressionTestRunner"/>
        <method signature="RegressionTestRunner.TSQA_1666()[pri:0, instance:testrunner.RegressionTestRunner@362be0cd]" name="TSQA_1666" class="testrunner.RegressionTestRunner"/>
        <method signature="RegressionTestRunner.TSQA_1669()[pri:0, instance:testrunner.RegressionTestRunner@362be0cd]" name="TSQA_1669" class="testrunner.RegressionTestRunner"/>
        <method signature="RegressionTestRunner.TSQA_1672()[pri:0, instance:testrunner.RegressionTestRunner@362be0cd]" name="TSQA_1672" class="testrunner.RegressionTestRunner"/>
        <method signature="RegressionTestRunner.TSQA_1675()[pri:0, instance:testrunner.RegressionTestRunner@362be0cd]" name="TSQA_1675" class="testrunner.RegressionTestRunner"/>
        <method signature="RegressionTestRunner.TSQA_16799()[pri:0, instance:testrunner.RegressionTestRunner@362be0cd]" name="TSQA_16799" class="testrunner.RegressionTestRunner"/>
        <method signature="RegressionTestRunner.TSQA_16808()[pri:0, instance:testrunner.RegressionTestRunner@362be0cd]" name="TSQA_16808" class="testrunner.RegressionTestRunner"/>
        <method signature="RegressionTestRunner.TSQA_1703()[pri:0, instance:testrunner.RegressionTestRunner@362be0cd]" name="TSQA_1703" class="testrunner.RegressionTestRunner"/>
        <method signature="RegressionTestRunner.TSQA_1724()[pri:0, instance:testrunner.RegressionTestRunner@362be0cd]" name="TSQA_1724" class="testrunner.RegressionTestRunner"/>
        <method signature="RegressionTestRunner.TSQA_1731()[pri:0, instance:testrunner.RegressionTestRunner@362be0cd]" name="TSQA_1731" class="testrunner.RegressionTestRunner"/>
        <method signature="RegressionTestRunner.TSQA_2412()[pri:0, instance:testrunner.RegressionTestRunner@362be0cd]" name="TSQA_2412" class="testrunner.RegressionTestRunner"/>
        <method signature="RegressionTestRunner.TSQA_2447()[pri:0, instance:testrunner.RegressionTestRunner@362be0cd]" name="TSQA_2447" class="testrunner.RegressionTestRunner"/>
        <method signature="RegressionTestRunner.TSQA_2478()[pri:0, instance:testrunner.RegressionTestRunner@362be0cd]" name="TSQA_2478" class="testrunner.RegressionTestRunner"/>
        <method signature="RegressionTestRunner.TSQA_2480()[pri:0, instance:testrunner.RegressionTestRunner@362be0cd]" name="TSQA_2480" class="testrunner.RegressionTestRunner"/>
        <method signature="RegressionTestRunner.TSQA_2487()[pri:0, instance:testrunner.RegressionTestRunner@362be0cd]" name="TSQA_2487" class="testrunner.RegressionTestRunner"/>
        <method signature="RegressionTestRunner.TSQA_2489()[pri:0, instance:testrunner.RegressionTestRunner@362be0cd]" name="TSQA_2489" class="testrunner.RegressionTestRunner"/>
        <method signature="RegressionTestRunner.TSQA_2536()[pri:0, instance:testrunner.RegressionTestRunner@362be0cd]" name="TSQA_2536" class="testrunner.RegressionTestRunner"/>
        <method signature="RegressionTestRunner.TSQA_2627()[pri:0, instance:testrunner.RegressionTestRunner@362be0cd]" name="TSQA_2627" class="testrunner.RegressionTestRunner"/>
        <method signature="RegressionTestRunner.TSQA_2628()[pri:0, instance:testrunner.RegressionTestRunner@362be0cd]" name="TSQA_2628" class="testrunner.RegressionTestRunner"/>
        <method signature="RegressionTestRunner.TSQA_2837()[pri:0, instance:testrunner.RegressionTestRunner@362be0cd]" name="TSQA_2837" class="testrunner.RegressionTestRunner"/>
        <method signature="RegressionTestRunner.TSQA_2847()[pri:0, instance:testrunner.RegressionTestRunner@362be0cd]" name="TSQA_2847" class="testrunner.RegressionTestRunner"/>
        <method signature="RegressionTestRunner.TSQA_2849()[pri:0, instance:testrunner.RegressionTestRunner@362be0cd]" name="TSQA_2849" class="testrunner.RegressionTestRunner"/>
        <method signature="RegressionTestRunner.TSQA_2887()[pri:0, instance:testrunner.RegressionTestRunner@362be0cd]" name="TSQA_2887" class="testrunner.RegressionTestRunner"/>
        <method signature="RegressionTestRunner.TSQA_2889()[pri:0, instance:testrunner.RegressionTestRunner@362be0cd]" name="TSQA_2889" class="testrunner.RegressionTestRunner"/>
        <method signature="RegressionTestRunner.TSQA_2892()[pri:0, instance:testrunner.RegressionTestRunner@362be0cd]" name="TSQA_2892" class="testrunner.RegressionTestRunner"/>
        <method signature="RegressionTestRunner.TSQA_2910()[pri:0, instance:testrunner.RegressionTestRunner@362be0cd]" name="TSQA_2910" class="testrunner.RegressionTestRunner"/>
        <method signature="RegressionTestRunner.TSQA_2913()[pri:0, instance:testrunner.RegressionTestRunner@362be0cd]" name="TSQA_2913" class="testrunner.RegressionTestRunner"/>
        <method signature="RegressionTestRunner.TSQA_2914()[pri:0, instance:testrunner.RegressionTestRunner@362be0cd]" name="TSQA_2914" class="testrunner.RegressionTestRunner"/>
        <method signature="RegressionTestRunner.TSQA_2916()[pri:0, instance:testrunner.RegressionTestRunner@362be0cd]" name="TSQA_2916" class="testrunner.RegressionTestRunner"/>
        <method signature="RegressionTestRunner.TSQA_2922()[pri:0, instance:testrunner.RegressionTestRunner@362be0cd]" name="TSQA_2922" class="testrunner.RegressionTestRunner"/>
        <method signature="RegressionTestRunner.TSQA_2927()[pri:0, instance:testrunner.RegressionTestRunner@362be0cd]" name="TSQA_2927" class="testrunner.RegressionTestRunner"/>
        <method signature="RegressionTestRunner.TSQA_2936()[pri:0, instance:testrunner.RegressionTestRunner@362be0cd]" name="TSQA_2936" class="testrunner.RegressionTestRunner"/>
        <method signature="RegressionTestRunner.TSQA_2938()[pri:0, instance:testrunner.RegressionTestRunner@362be0cd]" name="TSQA_2938" class="testrunner.RegressionTestRunner"/>
        <method signature="RegressionTestRunner.TSQA_2953()[pri:0, instance:testrunner.RegressionTestRunner@362be0cd]" name="TSQA_2953" class="testrunner.RegressionTestRunner"/>
        <method signature="RegressionTestRunner.TSQA_2954()[pri:0, instance:testrunner.RegressionTestRunner@362be0cd]" name="TSQA_2954" class="testrunner.RegressionTestRunner"/>
        <method signature="RegressionTestRunner.TSQA_2956()[pri:0, instance:testrunner.RegressionTestRunner@362be0cd]" name="TSQA_2956" class="testrunner.RegressionTestRunner"/>
        <method signature="RegressionTestRunner.TSQA_2957()[pri:0, instance:testrunner.RegressionTestRunner@362be0cd]" name="TSQA_2957" class="testrunner.RegressionTestRunner"/>
        <method signature="RegressionTestRunner.TSQA_2958()[pri:0, instance:testrunner.RegressionTestRunner@362be0cd]" name="TSQA_2958" class="testrunner.RegressionTestRunner"/>
        <method signature="RegressionTestRunner.TSQA_2962()[pri:0, instance:testrunner.RegressionTestRunner@362be0cd]" name="TSQA_2962" class="testrunner.RegressionTestRunner"/>
        <method signature="RegressionTestRunner.TSQA_2963()[pri:0, instance:testrunner.RegressionTestRunner@362be0cd]" name="TSQA_2963" class="testrunner.RegressionTestRunner"/>
        <method signature="RegressionTestRunner.TSQA_2970()[pri:0, instance:testrunner.RegressionTestRunner@362be0cd]" name="TSQA_2970" class="testrunner.RegressionTestRunner"/>
        <method signature="RegressionTestRunner.TSQA_2977()[pri:0, instance:testrunner.RegressionTestRunner@362be0cd]" name="TSQA_2977" class="testrunner.RegressionTestRunner"/>
        <method signature="RegressionTestRunner.TSQA_3017()[pri:0, instance:testrunner.RegressionTestRunner@362be0cd]" name="TSQA_3017" class="testrunner.RegressionTestRunner"/>
        <method signature="RegressionTestRunner.TSQA_3020()[pri:0, instance:testrunner.RegressionTestRunner@362be0cd]" name="TSQA_3020" class="testrunner.RegressionTestRunner"/>
        <method signature="RegressionTestRunner.TSQA_3030()[pri:0, instance:testrunner.RegressionTestRunner@362be0cd]" name="TSQA_3030" class="testrunner.RegressionTestRunner"/>
        <method signature="RegressionTestRunner.TSQA_3037()[pri:0, instance:testrunner.RegressionTestRunner@362be0cd]" name="TSQA_3037" class="testrunner.RegressionTestRunner"/>
        <method signature="RegressionTestRunner.TSQA_3041()[pri:0, instance:testrunner.RegressionTestRunner@362be0cd]" name="TSQA_3041" class="testrunner.RegressionTestRunner"/>
        <method signature="RegressionTestRunner.TSQA_3044()[pri:0, instance:testrunner.RegressionTestRunner@362be0cd]" name="TSQA_3044" class="testrunner.RegressionTestRunner"/>
        <method signature="RegressionTestRunner.TSQA_3243()[pri:0, instance:testrunner.RegressionTestRunner@362be0cd]" name="TSQA_3243" class="testrunner.RegressionTestRunner"/>
        <method signature="RegressionTestRunner.TSQA_3398()[pri:0, instance:testrunner.RegressionTestRunner@362be0cd]" name="TSQA_3398" class="testrunner.RegressionTestRunner"/>
        <method signature="RegressionTestRunner.TSQA_3399()[pri:0, instance:testrunner.RegressionTestRunner@362be0cd]" name="TSQA_3399" class="testrunner.RegressionTestRunner"/>
        <method signature="RegressionTestRunner.TSQA_3402()[pri:0, instance:testrunner.RegressionTestRunner@362be0cd]" name="TSQA_3402" class="testrunner.RegressionTestRunner"/>
        <method signature="RegressionTestRunner.TSQA_3403()[pri:0, instance:testrunner.RegressionTestRunner@362be0cd]" name="TSQA_3403" class="testrunner.RegressionTestRunner"/>
        <method signature="RegressionTestRunner.TSQA_3408()[pri:0, instance:testrunner.RegressionTestRunner@362be0cd]" name="TSQA_3408" class="testrunner.RegressionTestRunner"/>
        <method signature="RegressionTestRunner.TSQA_3420()[pri:0, instance:testrunner.RegressionTestRunner@362be0cd]" name="TSQA_3420" class="testrunner.RegressionTestRunner"/>
        <method signature="RegressionTestRunner.TSQA_3458()[pri:0, instance:testrunner.RegressionTestRunner@362be0cd]" name="TSQA_3458" class="testrunner.RegressionTestRunner"/>
        <method signature="RegressionTestRunner.TSQA_39()[pri:0, instance:testrunner.RegressionTestRunner@362be0cd]" name="TSQA_39" class="testrunner.RegressionTestRunner"/>
        <method signature="RegressionTestRunner.TSQA_4171()[pri:0, instance:testrunner.RegressionTestRunner@362be0cd]" name="TSQA_4171" class="testrunner.RegressionTestRunner"/>
        <method signature="RegressionTestRunner.TSQA_4423()[pri:0, instance:testrunner.RegressionTestRunner@362be0cd]" name="TSQA_4423" class="testrunner.RegressionTestRunner"/>
        <method signature="RegressionTestRunner.TSQA_4677()[pri:0, instance:testrunner.RegressionTestRunner@362be0cd]" name="TSQA_4677" class="testrunner.RegressionTestRunner"/>
        <method signature="RegressionTestRunner.TSQA_4679()[pri:0, instance:testrunner.RegressionTestRunner@362be0cd]" name="TSQA_4679" class="testrunner.RegressionTestRunner"/>
        <method signature="RegressionTestRunner.TSQA_4681()[pri:0, instance:testrunner.RegressionTestRunner@362be0cd]" name="TSQA_4681" class="testrunner.RegressionTestRunner"/>
        <method signature="RegressionTestRunner.TSQA_4700()[pri:0, instance:testrunner.RegressionTestRunner@362be0cd]" name="TSQA_4700" class="testrunner.RegressionTestRunner"/>
        <method signature="RegressionTestRunner.TSQA_4701()[pri:0, instance:testrunner.RegressionTestRunner@362be0cd]" name="TSQA_4701" class="testrunner.RegressionTestRunner"/>
        <method signature="RegressionTestRunner.TSQA_4703()[pri:0, instance:testrunner.RegressionTestRunner@362be0cd]" name="TSQA_4703" class="testrunner.RegressionTestRunner"/>
        <method signature="RegressionTestRunner.TSQA_4704()[pri:0, instance:testrunner.RegressionTestRunner@362be0cd]" name="TSQA_4704" class="testrunner.RegressionTestRunner"/>
        <method signature="RegressionTestRunner.TSQA_4724()[pri:0, instance:testrunner.RegressionTestRunner@362be0cd]" name="TSQA_4724" class="testrunner.RegressionTestRunner"/>
        <method signature="RegressionTestRunner.TSQA_4729()[pri:0, instance:testrunner.RegressionTestRunner@362be0cd]" name="TSQA_4729" class="testrunner.RegressionTestRunner"/>
        <method signature="RegressionTestRunner.TSQA_5333()[pri:0, instance:testrunner.RegressionTestRunner@362be0cd]" name="TSQA_5333" class="testrunner.RegressionTestRunner"/>
        <method signature="RegressionTestRunner.TSQA_5334()[pri:0, instance:testrunner.RegressionTestRunner@362be0cd]" name="TSQA_5334" class="testrunner.RegressionTestRunner"/>
        <method signature="RegressionTestRunner.TSQA_5335()[pri:0, instance:testrunner.RegressionTestRunner@362be0cd]" name="TSQA_5335" class="testrunner.RegressionTestRunner"/>
        <method signature="RegressionTestRunner.TSQA_6439()[pri:0, instance:testrunner.RegressionTestRunner@362be0cd]" name="TSQA_6439" class="testrunner.RegressionTestRunner"/>
        <method signature="RegressionTestRunner.TSQA_6441()[pri:0, instance:testrunner.RegressionTestRunner@362be0cd]" name="TSQA_6441" class="testrunner.RegressionTestRunner"/>
        <method signature="RegressionTestRunner.TSQA_6444()[pri:0, instance:testrunner.RegressionTestRunner@362be0cd]" name="TSQA_6444" class="testrunner.RegressionTestRunner"/>
        <method signature="RegressionTestRunner.TSQA_6451()[pri:0, instance:testrunner.RegressionTestRunner@362be0cd]" name="TSQA_6451" class="testrunner.RegressionTestRunner"/>
        <method signature="RegressionTestRunner.TSQA_6452()[pri:0, instance:testrunner.RegressionTestRunner@362be0cd]" name="TSQA_6452" class="testrunner.RegressionTestRunner"/>
[...]
          <params>
            <param index="0">
              <value>
                <![CDATA[[TestResult name=TSQA_8794 status=SUCCESS method=RegressionTestRunner.TSQA_8794()[pri:0, instance:testrunner.RegressionTestRunner@362be0cd] output={null}]]]>
              </value>
            </param>
          </params>
          <reporter-output>
          </reporter-output>
        </test-method> <!-- TSQA_afterMethod -->
        <test-method is-config="true" signature="TSQA_beforeMethod(java.lang.reflect.Method)[pri:0, instance:testrunner.RegressionTestRunner@362be0cd]" started-at="2023-02-11T13:55:59 EST" name="TSQA_beforeMethod" finished-at="2023-02-11T13:57:30 EST" duration-ms="91707" status="PASS">
          <params>
            <param index="0">
              <value>
                <![CDATA[public void testrunner.RegressionTestRunner.TSQA_8800()]]>
              </value>
            </param>
          </params>
          <reporter-output>
          </reporter-output>
        </test-method> <!-- TSQA_beforeMethod -->
        <test-method signature="TSQA_8800()[pri:0, instance:testrunner.RegressionTestRunner@362be0cd]" started-at="2023-02-11T13:57:30 EST" name="TSQA_8800" description="Ensure that parental PIN is disabled by toggling Parental pin option" finished-at="2023-02-11T13:58:25 EST" duration-ms="54696" status="PASS">
          <reporter-output>
          </reporter-output>
        </test-method> <!-- TSQA_8800 -->
        <test-method is-config="true" signature="TSQA_afterMethod(org.testng.ITestResult)[pri:0, instance:testrunner.RegressionTestRunner@362be0cd]" started-at="2023-02-11T13:58:25 EST" name="TSQA_afterMethod" finished-at="2023-02-11T13:58:25 EST" duration-ms="269" status="PASS">
          <params>
            <param index="0">
              <value>
                <![CDATA[[TestResult name=TSQA_8800 status=SUCCESS method=RegressionTestRunner.TSQA_8800()[pri:0, instance:testrunner.RegressionTestRunner@362be0cd] output={null}]]]>
              </value>
            </param>
          </params>
          <reporter-output>
          </reporter-output>
        </test-method> <!-- TSQA_afterMethod -->
        <test-method is-config="true" signature="TSQA_beforeMethod(java.lang.reflect.Method)[pri:0, instance:testrunner.RegressionTestRunner@362be0cd]" started-at="2023-02-11T13:58:25 EST" name="TSQA_beforeMethod" finished-at="2023-02-11T13:59:58 EST" duration-ms="92952" status="PASS">
          <params>
            <param index="0">
              <value>
                <![CDATA[public void testrunner.RegressionTestRunner.TSQA_8808()]]>
              </value>
            </param>
          </params>
          <reporter-output>
          </reporter-output>
        </test-method> <!-- TSQA_beforeMethod -->
        <test-method signature="TSQA_8808()[pri:0, instance:testrunner.RegressionTestRunner@362be0cd]" started-at="2023-02-11T13:59:58 EST" name="TSQA_8808" description="Ensure user is able to disable the Purchase PIN" finished-at="2023-02-11T14:00:46 EST" duration-ms="47635" status="PASS">
          <reporter-output>
          </reporter-output>
        </test-method> <!-- TSQA_8808 -->
        <test-method is-config="true" signature="TSQA_afterMethod(org.testng.ITestResult)[pri:0, instance:testrunner.RegressionTestRunner@362be0cd]" started-at="2023-02-11T14:00:46 EST" name="TSQA_afterMethod" finished-at="2023-02-11T14:00:46 EST" duration-ms="295" status="PASS">
          <params>
            <param index="0">
              <value>
                <![CDATA[[TestResult name=TSQA_8808 status=SUCCESS method=RegressionTestRunner.TSQA_8808()[pri:0, instance:testrunner.RegressionTestRunner@362be0cd] output={null}]]]>
              </value>
            </param>
          </params>
          <reporter-output>
          </reporter-output>
        </test-method> <!-- TSQA_afterMethod -->
        <test-method is-config="true" signature="TSQA_beforeMethod(java.lang.reflect.Method)[pri:0, instance:testrunner.RegressionTestRunner@362be0cd]" started-at="2023-02-11T14:00:46 EST" name="TSQA_beforeMethod" finished-at="2023-02-11T14:02:19 EST" duration-ms="93131" status="PASS">
          <params>
            <param index="0">
              <value>
                <![CDATA[public void testrunner.RegressionTestRunner.TSQA_8852()]]>
              </value>
            </param>
          </params>
          <reporter-output>
          </reporter-output>
        </test-method> <!-- TSQA_beforeMethod -->
        <test-method signature="TSQA_8852()[pri:0, instance:testrunner.RegressionTestRunner@362be0cd]" started-at="2023-02-11T14:02:19 EST" name="TSQA_8852" description="Ensure user is able to access web link from &#039;Recover your Parental PIN&#039; option for Parental PIN active screen " finished-at="2023-02-11T14:03:34 EST" duration-ms="74309" status="PASS">
          <reporter-output>
          </reporter-output>
        </test-method> <!-- TSQA_8852 -->
        <test-method is-config="true" signature="TSQA_afterMethod(org.testng.ITestResult)[pri:0, instance:testrunner.RegressionTestRunner@362be0cd]" started-at="2023-02-11T14:03:34 EST" name="TSQA_afterMethod" finished-at="2023-02-11T14:03:34 EST" duration-ms="287" status="PASS">
          <params>
            <param index="0">
              <value>
                <![CDATA[[TestResult name=TSQA_8852 status=SUCCESS method=RegressionTestRunner.TSQA_8852()[pri:0, instance:testrunner.RegressionTestRunner@362be0cd] output={null}]]]>
              </value>
            </param>
          </params>
          <reporter-output>
          </reporter-output>
        </test-method> <!-- TSQA_afterMethod -->
        <test-method is-config="true" signature="TSQA_beforeMethod(java.lang.reflect.Method)[pri:0, instance:testrunner.RegressionTestRunner@362be0cd]" started-at="2023-02-11T14:03:34 EST" name="TSQA_beforeMethod" finished-at="2023-02-11T14:05:06 EST" duration-ms="91717" status="PASS">
          <params>
            <param index="0">
              <value>
                <![CDATA[public void testrunner.RegressionTestRunner.TSQA_9333()]]>
              </value>
            </param>
          </params>
          <reporter-output>
          </reporter-output>
        </test-method> <!-- TSQA_beforeMethod -->
        <test-method signature="TSQA_9333()[pri:0, instance:testrunner.RegressionTestRunner@362be0cd]" started-at="2023-02-11T14:05:06 EST" name="TSQA_9333" description="Ensure that the Recorded section display all the recorded assets (series, movies, epsiodes)" finished-at="2023-02-11T14:05:43 EST" duration-ms="37222" status="FAIL">
          <exception class="java.lang.AssertionError">
            <message>
              <![CDATA[Recording Title view is not displayed expected [true] but found [false]]]>
            </message>
            <full-stacktrace>
              <![CDATA[java.lang.AssertionError: Recording Title view is not displayed expected [true] but found [false]
at org.testng.Assert.fail(Assert.java:99)
at org.testng.Assert.failNotEquals(Assert.java:1037)
at org.testng.Assert.assertTrue(Assert.java:45)
at testsuite.RegressionTests.TSQA_9333(RegressionTests.java:2260)
at testrunner.RegressionTestRunner.TSQA_9333(RegressionTestRunner.java:1357)
at java.base/jdk.internal.reflect.NativeMethodAccessorImpl.invoke0(Native Method)
at java.base/jdk.internal.reflect.NativeMethodAccessorImpl.invoke(NativeMethodAccessorImpl.java:77)
at java.base/jdk.internal.reflect.DelegatingMethodAccessorImpl.invoke(DelegatingMethodAccessorImpl.java:43)
at java.base/java.lang.reflect.Method.invoke(Method.java:568)
at org.testng.internal.MethodInvocationHelper.invokeMethod(MethodInvocationHelper.java:132)
at org.testng.internal.InvokeMethodRunnable.runOne(InvokeMethodRunnable.java:45)
at org.testng.internal.InvokeMethodRunnable.call(InvokeMethodRunnable.java:73)
at org.testng.internal.InvokeMethodRunnable.call(InvokeMethodRunnable.java:11)
at java.base/java.util.concurrent.FutureTask.run(FutureTask.java:264)
at java.base/java.util.concurrent.ThreadPoolExecutor.runWorker(ThreadPoolExecutor.java:1136)
at java.base/java.util.concurrent.ThreadPoolExecutor$Worker.run(ThreadPoolExecutor.java:635)
at java.base/java.lang.Thread.run(Thread.java:833)
]]>
            </full-stacktrace>
          </exception> <!-- java.lang.AssertionError -->
          <reporter-output>
            <line>
              <![CDATA[TELUSTV-21T - 192.168.2.13:5555 TEST [C:/Users/x245071/Documents/GitHub/TELUS-TSQA-TS-3SS-Client/testng.xml - TSQA_9333] FAILED at [14:05:44 2023-02-11] - Recording Title view is not displayed expected [true] but found [false]

org.testng.Assert.fail(Assert.java:99)
org.testng.Assert.failNotEquals(Assert.java:1037)
org.testng.Assert.assertTrue(Assert.java:45)
testsuite.RegressionTests.TSQA_9333(RegressionTests.java:2260)
testrunner.RegressionTestRunner.TSQA_9333(RegressionTestRunner.java:1357)
java.base/jdk.internal.reflect.NativeMethodAccessorImpl.invoke0(Native Method)
java.base/jdk.internal.reflect.NativeMethodAccessorImpl.invoke(NativeMethodAccessorImpl.java:77)
java.base/jdk.internal.reflect.DelegatingMethodAccessorImpl.invoke(DelegatingMethodAccessorImpl.java:43)
java.base/java.lang.reflect.Method.invoke(Method.java:568)
org.testng.internal.MethodInvocationHelper.invokeMethod(MethodInvocationHelper.java:132)
org.testng.internal.InvokeMethodRunnable.runOne(InvokeMethodRunnable.java:45)
org.testng.internal.InvokeMethodRunnable.call(InvokeMethodRunnable.java:73)
org.testng.internal.InvokeMethodRunnable.call(InvokeMethodRunnable.java:11)
java.base/java.util.concurrent.FutureTask.run(FutureTask.java:264)
java.base/java.util.concurrent.ThreadPoolExecutor.runWorker(ThreadPoolExecutor.java:1136)
java.base/java.util.concurrent.ThreadPoolExecutor$Worker.run(ThreadPoolExecutor.java:635)
java.base/java.lang.Thread.run(Thread.java:833)]]>
            </line>
          </reporter-output>
        </test-method> <!-- TSQA_9333 -->
        <test-method is-config="true" signature="TSQA_afterMethod(org.testng.ITestResult)[pri:0, instance:testrunner.RegressionTestRunner@362be0cd]" started-at="2023-02-11T14:05:44 EST" name="TSQA_afterMethod" finished-at="2023-02-11T14:05:44 EST" duration-ms="278" status="PASS">
          <params>
            <param index="0">
              <value>
                <![CDATA[[TestResult name=TSQA_9333 status=FAILURE method=RegressionTestRunner.TSQA_9333()[pri:0, instance:testrunner.RegressionTestRunner@362be0cd] output=TELUSTV-21T - 192.168.2.13:5555 TEST [C:/Users/x245071/Documents/GitHub/TELUS-TSQA-TS-3SS-Client/testng.xml - TSQA_9333] FAILED at [14:05:44 2023-02-11] - Recording Title view is not displayed expected [true] but found [false]

org.testng.Assert.fail(Assert.java:99)
org.testng.Assert.failNotEquals(Assert.java:1037)
org.testng.Assert.assertTrue(Assert.java:45)
testsuite.RegressionTests.TSQA_9333(RegressionTests.java:2260)
testrunner.RegressionTestRunner.TSQA_9333(RegressionTestRunner.java:1357)
java.base/jdk.internal.reflect.NativeMethodAccessorImpl.invoke0(Native Method)
java.base/jdk.internal.reflect.NativeMethodAccessorImpl.invoke(NativeMethodAccessorImpl.java:77)
java.base/jdk.internal.reflect.DelegatingMethodAccessorImpl.invoke(DelegatingMethodAccessorImpl.java:43)
java.base/java.lang.reflect.Method.invoke(Method.java:568)
org.testng.internal.MethodInvocationHelper.invokeMethod(MethodInvocationHelper.java:132)
org.testng.internal.InvokeMethodRunnable.runOne(InvokeMethodRunnable.java:45)
org.testng.internal.InvokeMethodRunnable.call(InvokeMethodRunnable.java:73)
org.testng.internal.InvokeMethodRunnable.call(InvokeMethodRunnable.java:11)
java.base/java.util.concurrent.FutureTask.run(FutureTask.java:264)
java.base/java.util.concurrent.ThreadPoolExecutor.runWorker(ThreadPoolExecutor.java:1136)
java.base/java.util.concurrent.ThreadPoolExecutor$Worker.run(ThreadPoolExecutor.java:635)
java.base/java.lang.Thread.run(Thread.java:833)]]]>
              </value>
            </param>
          </params>
          <reporter-output>
          </reporter-output>
        </test-method> <!-- TSQA_afterMethod -->
        <test-method is-config="true" signature="TSQA_beforeMethod(java.lang.reflect.Method)[pri:0, instance:testrunner.RegressionTestRunner@362be0cd]" started-at="2023-02-11T14:05:44 EST" name="TSQA_beforeMethod" finished-at="2023-02-11T14:07:16 EST" duration-ms="91650" status="PASS">
          <params>
            <param index="0">
              <value>
                <![CDATA[public void testrunner.RegressionTestRunner.TSQA_9334()]]>
              </value>
            </param>
          </params>
          <reporter-output>
          </reporter-output>
        </test-method> <!-- TSQA_beforeMethod -->
        <test-method signature="TSQA_9334()[pri:0, instance:testrunner.RegressionTestRunner@362be0cd]" started-at="2023-02-11T14:07:16 EST" name="TSQA_9334" description="Ensure that by default focus is on 1st card in the recordings and Recorded tab is highlighted" finished-at="2023-02-11T14:07:42 EST" duration-ms="26580" status="PASS">
          <reporter-output>
          </reporter-output>
        </test-method> <!-- TSQA_9334 -->
        <test-method is-config="true" signature="TSQA_afterMethod(org.testng.ITestResult)[pri:0, instance:testrunner.RegressionTestRunner@362be0cd]" started-at="2023-02-11T14:07:42 EST" name="TSQA_afterMethod" finished-at="2023-02-11T14:07:43 EST" duration-ms="333" status="PASS">
          <params>
            <param index="0">
              <value>
                <![CDATA[[TestResult name=TSQA_9334 status=SUCCESS method=RegressionTestRunner.TSQA_9334()[pri:0, instance:testrunner.RegressionTestRunner@362be0cd] output={null}]]]>
              </value>
            </param>
          </params>
          <reporter-output>
          </reporter-output>
        </test-method> <!-- TSQA_afterMethod -->
        <test-method is-config="true" signature="TSQA_beforeMethod(java.lang.reflect.Method)[pri:0, instance:testrunner.RegressionTestRunner@362be0cd]" started-at="2023-02-11T14:07:43 EST" name="TSQA_beforeMethod" finished-at="2023-02-11T14:09:14 EST" duration-ms="91792" status="PASS">
          <params>
            <param index="0">
              <value>
                <![CDATA[public void testrunner.RegressionTestRunner.TSQA_9336()]]>
              </value>
            </param>
          </params>
          <reporter-output>
          </reporter-output>
        </test-method> <!-- TSQA_beforeMethod -->
        <test-method signature="TSQA_9336()[pri:0, instance:testrunner.RegressionTestRunner@362be0cd]" started-at="2023-02-11T14:09:14 EST" name="TSQA_9336" description="Ensure that total number of recorded assets are dispalyed in Brackets next to section name" finished-at="2023-02-11T14:09:41 EST" duration-ms="26873" status="PASS">
          <reporter-output>
          </reporter-output>
        </test-method> <!-- TSQA_9336 -->
        <test-method is-config="true" signature="TSQA_afterMethod(org.testng.ITestResult)[pri:0, instance:testrunner.RegressionTestRunner@362be0cd]" started-at="2023-02-11T14:09:41 EST" name="TSQA_afterMethod" finished-at="2023-02-11T14:09:42 EST" duration-ms="252" status="PASS">
          <params>
            <param index="0">
              <value>
                <![CDATA[[TestResult name=TSQA_9336 status=SUCCESS method=RegressionTestRunner.TSQA_9336()[pri:0, instance:testrunner.RegressionTestRunner@362be0cd] output={null}]]]>
              </value>
            </param>
          </params>
          <reporter-output>
          </reporter-output>
        </test-method> <!-- TSQA_afterMethod -->
        <test-method is-config="true" signature="TSQA_beforeMethod(java.lang.reflect.Method)[pri:0, instance:testrunner.RegressionTestRunner@362be0cd]" started-at="2023-02-11T14:09:42 EST" name="TSQA_beforeMethod" finished-at="2023-02-11T14:11:14 EST" duration-ms="91968" status="PASS">
          <params>
            <param index="0">
              <value>
                <![CDATA[public void testrunner.RegressionTestRunner.TSQA_9338()]]>
              </value>
            </param>
          </params>
          <reporter-output>
          </reporter-output>
        </test-method> <!-- TSQA_beforeMethod -->
        <test-method signature="TSQA_9338()[pri:0, instance:testrunner.RegressionTestRunner@362be0cd]" started-at="2023-02-11T14:11:14 EST" name="TSQA_9338" description="Ensure that while navigating, recording tabs and information related to storage is visible all the time" finished-at="2023-02-11T14:11:54 EST" duration-ms="40068" status="PASS">
          <reporter-output>
          </reporter-output>
        </test-method> <!-- TSQA_9338 -->
        <test-method is-config="true" signature="TSQA_afterMethod(org.testng.ITestResult)[pri:0, instance:testrunner.RegressionTestRunner@362be0cd]" started-at="2023-02-11T14:11:54 EST" name="TSQA_afterMethod" finished-at="2023-02-11T14:11:54 EST" duration-ms="267" status="PASS">
          <params>
            <param index="0">
              <value>
                <![CDATA[[TestResult name=TSQA_9338 status=SUCCESS method=RegressionTestRunner.TSQA_9338()[pri:0, instance:testrunner.RegressionTestRunner@362be0cd] output={null}]]]>
              </value>
            </param>
          </params>
          <reporter-output>
          </reporter-output>
        </test-method> <!-- TSQA_afterMethod -->
        <test-method is-config="true" signature="TSQA_beforeMethod(java.lang.reflect.Method)[pri:0, instance:testrunner.RegressionTestRunner@362be0cd]" started-at="2023-02-11T14:11:54 EST" name="TSQA_beforeMethod" finished-at="2023-02-11T14:13:26 EST" duration-ms="91622" status="PASS">
          <params>
            <param index="0">
              <value>
                <![CDATA[public void testrunner.RegressionTestRunner.TSQA_9345()]]>
              </value>
            </param>
          </params>
          <reporter-output>
          </reporter-output>
        </test-method> <!-- TSQA_beforeMethod -->
        <test-method signature="TSQA_9345()[pri:0, instance:testrunner.RegressionTestRunner@362be0cd]" started-at="2023-02-11T14:13:26 EST" name="TSQA_9345" description="Ensure that on pressing up arrow from topmost card focus moves to Recordings option in Top menu" finished-at="2023-02-11T14:14:02 EST" duration-ms="36444" status="PASS">
          <reporter-output>
          </reporter-output>
        </test-method> <!-- TSQA_9345 -->
        <test-method is-config="true" signature="TSQA_afterMethod(org.testng.ITestResult)[pri:0, instance:testrunner.RegressionTestRunner@362be0cd]" started-at="2023-02-11T14:14:02 EST" name="TSQA_afterMethod" finished-at="2023-02-11T14:14:02 EST" duration-ms="287" status="PASS">
          <params>
            <param index="0">
              <value>
                <![CDATA[[TestResult name=TSQA_9345 status=SUCCESS method=RegressionTestRunner.TSQA_9345()[pri:0, instance:testrunner.RegressionTestRunner@362be0cd] output={null}]]]>
              </value>
            </param>
          </params>
          <reporter-output>
          </reporter-output>
        </test-method> <!-- TSQA_afterMethod -->
        <test-method is-config="true" signature="TSQA_tearDown()[pri:0, instance:testrunner.RegressionTestRunner@362be0cd]" started-at="2023-02-11T14:14:02 EST" name="TSQA_tearDown" finished-at="2023-02-11T14:14:06 EST" duration-ms="3282" status="PASS">
          <reporter-output>
          </reporter-output>
        </test-method> <!-- TSQA_tearDown -->
      </class> <!-- testrunner.RegressionTestRunner -->
    </test> <!-- C:/Users/x245071/Documents/GitHub/TELUS-TSQA-TS-3SS-Client/testng.xml -->
  </suite> <!-- All Test Suite -->
</testng-results>
